TI ARM Assembler PC v15.12.1 Wed Oct 11 15:38:58 2017

Tools Copyright (c) 1996-2015 Texas Instruments Incorporated
Program_PushButton.asm                                               PAGE    1

       1                    ;******************************************************************************
       2                    ;* TI ARM C/C++ Codegen                                       PC v15.12.1.LTS *
       3                    ;* Date/Time created: Wed Oct 11 15:38:58 2017                                *
       4                    ;******************************************************************************
       5                            .compiler_opts --abi=eabi --arm_vmrs_si_workaround=off --code_state=16 --diag_wrap=off --disab
       6 00000000                   .thumb
       7                    
       8                    $C$DW$CU        .dwtag  DW_TAG_compile_unit
       9                            .dwattr $C$DW$CU, DW_AT_name("../Program_PushButton.c")
      10                            .dwattr $C$DW$CU, DW_AT_producer("TI TI ARM C/C++ Codegen PC v15.12.1.LTS Copyright (c) 1996-2
      11                            .dwattr $C$DW$CU, DW_AT_TI_version(0x01)
      12                            .dwattr $C$DW$CU, DW_AT_comp_dir("H:\EECS_388\TI_ARM_Projects\Program_PushButton\Debug")
      13                    
      14                    $C$DW$1 .dwtag  DW_TAG_subprogram
      15                            .dwattr $C$DW$1, DW_AT_name("SysCtlClockSet")
      16                            .dwattr $C$DW$1, DW_AT_TI_symbol_name("SysCtlClockSet")
      17                            .dwattr $C$DW$1, DW_AT_declaration
      18                            .dwattr $C$DW$1, DW_AT_external
      19                            .dwattr $C$DW$1, DW_AT_decl_file("C:/TI_CodeComposer/StellarisWare-LM3S1968/driverlib/sysctl.h
      20                            .dwattr $C$DW$1, DW_AT_decl_line(0x267)
      21                            .dwattr $C$DW$1, DW_AT_decl_column(0x0d)
      22                    $C$DW$2 .dwtag  DW_TAG_formal_parameter
      23                            .dwattr $C$DW$2, DW_AT_type(*$C$DW$T$13)
      24                    
      25                            .dwendtag $C$DW$1
      26                    
      27                    
      28                    $C$DW$3 .dwtag  DW_TAG_subprogram
      29                            .dwattr $C$DW$3, DW_AT_name("SysCtlClockGet")
      30                            .dwattr $C$DW$3, DW_AT_TI_symbol_name("SysCtlClockGet")
      31                            .dwattr $C$DW$3, DW_AT_type(*$C$DW$T$13)
      32                            .dwattr $C$DW$3, DW_AT_declaration
      33                            .dwattr $C$DW$3, DW_AT_external
      34                            .dwattr $C$DW$3, DW_AT_decl_file("C:/TI_CodeComposer/StellarisWare-LM3S1968/driverlib/sysctl.h
      35                            .dwattr $C$DW$3, DW_AT_decl_line(0x268)
      36                            .dwattr $C$DW$3, DW_AT_decl_column(0x16)
      37                            .dwendtag $C$DW$3
      38                    
      39                    
      40                    $C$DW$4 .dwtag  DW_TAG_subprogram
      41                            .dwattr $C$DW$4, DW_AT_name("SysTickEnable")
      42                            .dwattr $C$DW$4, DW_AT_TI_symbol_name("SysTickEnable")
      43                            .dwattr $C$DW$4, DW_AT_declaration
      44                            .dwattr $C$DW$4, DW_AT_external
      45                            .dwattr $C$DW$4, DW_AT_decl_file("C:/TI_CodeComposer/StellarisWare-LM3S1968/driverlib/systick.
      46                            .dwattr $C$DW$4, DW_AT_decl_line(0x3b)
      47                            .dwattr $C$DW$4, DW_AT_decl_column(0x0d)
      48                            .dwendtag $C$DW$4
      49                    
      50                    
      51                    $C$DW$5 .dwtag  DW_TAG_subprogram
      52                            .dwattr $C$DW$5, DW_AT_name("SysTickIntEnable")
      53                            .dwattr $C$DW$5, DW_AT_TI_symbol_name("SysTickIntEnable")
      54                            .dwattr $C$DW$5, DW_AT_declaration
      55                            .dwattr $C$DW$5, DW_AT_external
TI ARM Assembler PC v15.12.1 Wed Oct 11 15:38:58 2017

Tools Copyright (c) 1996-2015 Texas Instruments Incorporated
Program_PushButton.asm                                               PAGE    2

      56                            .dwattr $C$DW$5, DW_AT_decl_file("C:/TI_CodeComposer/StellarisWare-LM3S1968/driverlib/systick.
      57                            .dwattr $C$DW$5, DW_AT_decl_line(0x3f)
      58                            .dwattr $C$DW$5, DW_AT_decl_column(0x0d)
      59                            .dwendtag $C$DW$5
      60                    
      61                    
      62                    $C$DW$6 .dwtag  DW_TAG_subprogram
      63                            .dwattr $C$DW$6, DW_AT_name("SysTickPeriodSet")
      64                            .dwattr $C$DW$6, DW_AT_TI_symbol_name("SysTickPeriodSet")
      65                            .dwattr $C$DW$6, DW_AT_declaration
      66                            .dwattr $C$DW$6, DW_AT_external
      67                            .dwattr $C$DW$6, DW_AT_decl_file("C:/TI_CodeComposer/StellarisWare-LM3S1968/driverlib/systick.
      68                            .dwattr $C$DW$6, DW_AT_decl_line(0x41)
      69                            .dwattr $C$DW$6, DW_AT_decl_column(0x0d)
      70                    $C$DW$7 .dwtag  DW_TAG_formal_parameter
      71                            .dwattr $C$DW$7, DW_AT_type(*$C$DW$T$13)
      72                    
      73                            .dwendtag $C$DW$6
      74                    
      75                    
      76                    $C$DW$8 .dwtag  DW_TAG_subprogram
      77                            .dwattr $C$DW$8, DW_AT_name("RIT128x96x4StringDraw")
      78                            .dwattr $C$DW$8, DW_AT_TI_symbol_name("RIT128x96x4StringDraw")
      79                            .dwattr $C$DW$8, DW_AT_declaration
      80                            .dwattr $C$DW$8, DW_AT_external
      81                            .dwattr $C$DW$8, DW_AT_decl_file("..\Drivers/rit128x96x4.h")
      82                            .dwattr $C$DW$8, DW_AT_decl_line(0x23)
      83                            .dwattr $C$DW$8, DW_AT_decl_column(0x0d)
      84                    $C$DW$9 .dwtag  DW_TAG_formal_parameter
      85                            .dwattr $C$DW$9, DW_AT_type(*$C$DW$T$29)
      86                    
      87                    $C$DW$10        .dwtag  DW_TAG_formal_parameter
      88                            .dwattr $C$DW$10, DW_AT_type(*$C$DW$T$13)
      89                    
      90                    $C$DW$11        .dwtag  DW_TAG_formal_parameter
      91                            .dwattr $C$DW$11, DW_AT_type(*$C$DW$T$13)
      92                    
      93                    $C$DW$12        .dwtag  DW_TAG_formal_parameter
      94                            .dwattr $C$DW$12, DW_AT_type(*$C$DW$T$6)
      95                    
      96                            .dwendtag $C$DW$8
      97                    
      98                    
      99                    $C$DW$13        .dwtag  DW_TAG_subprogram
     100                            .dwattr $C$DW$13, DW_AT_name("RIT128x96x4Init")
     101                            .dwattr $C$DW$13, DW_AT_TI_symbol_name("RIT128x96x4Init")
     102                            .dwattr $C$DW$13, DW_AT_declaration
     103                            .dwattr $C$DW$13, DW_AT_external
     104                            .dwattr $C$DW$13, DW_AT_decl_file("..\Drivers/rit128x96x4.h")
     105                            .dwattr $C$DW$13, DW_AT_decl_line(0x2c)
     106                            .dwattr $C$DW$13, DW_AT_decl_column(0x0d)
     107                    $C$DW$14        .dwtag  DW_TAG_formal_parameter
     108                            .dwattr $C$DW$14, DW_AT_type(*$C$DW$T$13)
     109                    
     110                            .dwendtag $C$DW$13
TI ARM Assembler PC v15.12.1 Wed Oct 11 15:38:58 2017

Tools Copyright (c) 1996-2015 Texas Instruments Incorporated
Program_PushButton.asm                                               PAGE    3

     111                    
     112                    
     113                    $C$DW$15        .dwtag  DW_TAG_subprogram
     114                            .dwattr $C$DW$15, DW_AT_name("Task_LEDBlink")
     115                            .dwattr $C$DW$15, DW_AT_TI_symbol_name("Task_LEDBlink")
     116                            .dwattr $C$DW$15, DW_AT_declaration
     117                            .dwattr $C$DW$15, DW_AT_external
     118                            .dwattr $C$DW$15, DW_AT_decl_file("../Program_PushButton.c")
     119                            .dwattr $C$DW$15, DW_AT_decl_line(0x49)
     120                            .dwattr $C$DW$15, DW_AT_decl_column(0x0d)
     121                            .dwendtag $C$DW$15
     122                    
     123                    
     124                    $C$DW$16        .dwtag  DW_TAG_subprogram
     125                            .dwattr $C$DW$16, DW_AT_name("Task_ReportSysTick")
     126                            .dwattr $C$DW$16, DW_AT_TI_symbol_name("Task_ReportSysTick")
     127                            .dwattr $C$DW$16, DW_AT_declaration
     128                            .dwattr $C$DW$16, DW_AT_external
     129                            .dwattr $C$DW$16, DW_AT_decl_file("../Program_PushButton.c")
     130                            .dwattr $C$DW$16, DW_AT_decl_line(0x4a)
     131                            .dwattr $C$DW$16, DW_AT_decl_column(0x0d)
     132                            .dwendtag $C$DW$16
     133                    
     134                    
     135                    $C$DW$17        .dwtag  DW_TAG_subprogram
     136                            .dwattr $C$DW$17, DW_AT_name("Task_Speakerbuzz")
     137                            .dwattr $C$DW$17, DW_AT_TI_symbol_name("Task_Speakerbuzz")
     138                            .dwattr $C$DW$17, DW_AT_declaration
     139                            .dwattr $C$DW$17, DW_AT_external
     140                            .dwattr $C$DW$17, DW_AT_decl_file("../Program_PushButton.c")
     141                            .dwattr $C$DW$17, DW_AT_decl_line(0x4b)
     142                            .dwattr $C$DW$17, DW_AT_decl_column(0x0d)
     143                            .dwendtag $C$DW$17
     144                    
     145                    
     146                    $C$DW$18        .dwtag  DW_TAG_subprogram
     147                            .dwattr $C$DW$18, DW_AT_name("Task_PushButton")
     148                            .dwattr $C$DW$18, DW_AT_TI_symbol_name("Task_PushButton")
     149                            .dwattr $C$DW$18, DW_AT_declaration
     150                            .dwattr $C$DW$18, DW_AT_external
     151                            .dwattr $C$DW$18, DW_AT_decl_file("../Program_PushButton.c")
     152                            .dwattr $C$DW$18, DW_AT_decl_line(0x4c)
     153                            .dwattr $C$DW$18, DW_AT_decl_column(0x0d)
     154                            .dwendtag $C$DW$18
     155                    
     156                    
     157                    $C$DW$19        .dwtag  DW_TAG_subprogram
     158                            .dwattr $C$DW$19, DW_AT_name("UARTStdio_Initialization")
     159                            .dwattr $C$DW$19, DW_AT_TI_symbol_name("UARTStdio_Initialization")
     160                            .dwattr $C$DW$19, DW_AT_type(*$C$DW$T$10)
     161                            .dwattr $C$DW$19, DW_AT_declaration
     162                            .dwattr $C$DW$19, DW_AT_external
     163                            .dwattr $C$DW$19, DW_AT_decl_file("../Program_PushButton.c")
     164                            .dwattr $C$DW$19, DW_AT_decl_line(0x91)
     165                            .dwattr $C$DW$19, DW_AT_decl_column(0x02)
TI ARM Assembler PC v15.12.1 Wed Oct 11 15:38:58 2017

Tools Copyright (c) 1996-2015 Texas Instruments Incorporated
Program_PushButton.asm                                               PAGE    4

     166                            .dwendtag $C$DW$19
     167                    
     168                            .global g_ulSystemClock
     169                            .common g_ulSystemClock,4,4
     170                    $C$DW$20        .dwtag  DW_TAG_variable
     171                            .dwattr $C$DW$20, DW_AT_name("g_ulSystemClock")
     172                            .dwattr $C$DW$20, DW_AT_TI_symbol_name("g_ulSystemClock")
     173                            .dwattr $C$DW$20, DW_AT_location[DW_OP_addr g_ulSystemClock]
     174                            .dwattr $C$DW$20, DW_AT_type(*$C$DW$T$55)
     175                            .dwattr $C$DW$20, DW_AT_external
     176                            .dwattr $C$DW$20, DW_AT_decl_file("../Program_PushButton.c")
     177                            .dwattr $C$DW$20, DW_AT_decl_line(0x36)
     178                            .dwattr $C$DW$20, DW_AT_decl_column(0x0a)
     179                    
     180                            .global SysTickFrequency_Nbr
     181 00000000                   .data
     182                            .align  4
     183                            .elfsym SysTickFrequency_Nbr,SYM_SIZE(4)
     184 00000000           SysTickFrequency_Nbr:
     185 00000000 00002710          .bits   10000,32                        ; SysTickFrequency_Nbr @ 0
     186                    
     187                    $C$DW$21        .dwtag  DW_TAG_variable
     188                            .dwattr $C$DW$21, DW_AT_name("SysTickFrequency_Nbr")
     189                            .dwattr $C$DW$21, DW_AT_TI_symbol_name("SysTickFrequency_Nbr")
     190                            .dwattr $C$DW$21, DW_AT_location[DW_OP_addr SysTickFrequency_Nbr]
     191                            .dwattr $C$DW$21, DW_AT_type(*$C$DW$T$55)
     192                            .dwattr $C$DW$21, DW_AT_external
     193                            .dwattr $C$DW$21, DW_AT_decl_file("../Program_PushButton.c")
     194                            .dwattr $C$DW$21, DW_AT_decl_line(0x41)
     195                            .dwattr $C$DW$21, DW_AT_decl_column(0x14)
     196                    
     197                            .global SysTickCount_Nbr
     198 00000004                   .data
     199                            .align  4
     200                            .elfsym SysTickCount_Nbr,SYM_SIZE(4)
     201 00000004           SysTickCount_Nbr:
     202 00000004 00000000          .bits   0,32                    ; SysTickCount_Nbr @ 0
     203                    
     204                    $C$DW$22        .dwtag  DW_TAG_variable
     205                            .dwattr $C$DW$22, DW_AT_name("SysTickCount_Nbr")
     206                            .dwattr $C$DW$22, DW_AT_TI_symbol_name("SysTickCount_Nbr")
     207                            .dwattr $C$DW$22, DW_AT_location[DW_OP_addr SysTickCount_Nbr]
     208                            .dwattr $C$DW$22, DW_AT_type(*$C$DW$T$56)
     209                            .dwattr $C$DW$22, DW_AT_external
     210                            .dwattr $C$DW$22, DW_AT_decl_file("../Program_PushButton.c")
     211                            .dwattr $C$DW$22, DW_AT_decl_line(0x42)
     212                            .dwattr $C$DW$22, DW_AT_decl_column(0x1b)
     213                    
     214                            .global OLED_Initialized
     215 00000008                   .data
     216                            .align  1
     217                            .elfsym OLED_Initialized,SYM_SIZE(1)
     218 00000008           OLED_Initialized:
     219 00000008 00000000          .bits   0,8                     ; OLED_Initialized @ 0
     220                    
TI ARM Assembler PC v15.12.1 Wed Oct 11 15:38:58 2017

Tools Copyright (c) 1996-2015 Texas Instruments Incorporated
Program_PushButton.asm                                               PAGE    5

     221                    $C$DW$23        .dwtag  DW_TAG_variable
     222                            .dwattr $C$DW$23, DW_AT_name("OLED_Initialized")
     223                            .dwattr $C$DW$23, DW_AT_TI_symbol_name("OLED_Initialized")
     224                            .dwattr $C$DW$23, DW_AT_location[DW_OP_addr OLED_Initialized]
     225                            .dwattr $C$DW$23, DW_AT_type(*$C$DW$T$75)
     226                            .dwattr $C$DW$23, DW_AT_external
     227                            .dwattr $C$DW$23, DW_AT_decl_file("../Program_PushButton.c")
     228                            .dwattr $C$DW$23, DW_AT_decl_line(0x62)
     229                            .dwattr $C$DW$23, DW_AT_decl_column(0x06)
     230                    
     231                    ;       C:\TI_CodeComposer\ccsv6\tools\compiler\ti-cgt-arm_15.12.1.LTS\bin\armacpia.exe -@C:\\Users\\q
     232 00000000                   .sect   ".text"
     233                            .clink
     234                            .thumbfunc SysTickIntHandler
     235 00000000                   .thumb
     236                            .global SysTickIntHandler
     237                    
     238                    $C$DW$24        .dwtag  DW_TAG_subprogram
     239                            .dwattr $C$DW$24, DW_AT_name("SysTickIntHandler")
     240                            .dwattr $C$DW$24, DW_AT_low_pc(SysTickIntHandler)
     241                            .dwattr $C$DW$24, DW_AT_high_pc(0x00)
     242                            .dwattr $C$DW$24, DW_AT_TI_symbol_name("SysTickIntHandler")
     243                            .dwattr $C$DW$24, DW_AT_external
     244                            .dwattr $C$DW$24, DW_AT_TI_begin_file("../Program_PushButton.c")
     245                            .dwattr $C$DW$24, DW_AT_TI_begin_line(0x52)
     246                            .dwattr $C$DW$24, DW_AT_TI_begin_column(0x0d)
     247                            .dwattr $C$DW$24, DW_AT_decl_file("../Program_PushButton.c")
     248                            .dwattr $C$DW$24, DW_AT_decl_line(0x52)
     249                            .dwattr $C$DW$24, DW_AT_decl_column(0x0d)
     250                            .dwattr $C$DW$24, DW_AT_TI_max_frame_size(0x00)
     251                            .dwpsn  file "../Program_PushButton.c",line 82,column 37,is_stmt,address SysTickIntHandler,isa
     252                    
     253                            .dwfde $C$DW$CIE, SysTickIntHandler
     254                    
     255                    ;*****************************************************************************
     256                    ;* FUNCTION NAME: SysTickIntHandler                                          *
     257                    ;*                                                                           *
     258                    ;*   Regs Modified     : A1,A2,SR                                            *
     259                    ;*   Regs Used         : A1,A2,LR,SR                                         *
     260                    ;*   Local Frame Size  : 0 Args + 0 Auto + 0 Save = 0 byte                   *
     261                    ;*****************************************************************************
     262 00000000           SysTickIntHandler:
     263                    ;* --------------------------------------------------------------------------*
     264                            .dwcfi  cfa_offset, 0
     265                            .dwpsn  file "../Program_PushButton.c",line 88,column 2,is_stmt,isa 1
     266 00000000 491D              LDR       A2, $C$CON1           ; [DPU_3_PIPE] |88|  ; [ORIG 16-BIT INS]
     267 00000002 6808              LDR       A1, [A2, #0]          ; [DPU_3_PIPE] |88|  ; [ORIG 16-BIT INS]
     268 00000004 1C40              ADDS      A1, A1, #1            ; [DPU_3_PIPE] |88|  ; [ORIG 16-BIT INS]
     269 00000006 6008              STR       A1, [A2, #0]          ; [DPU_3_PIPE] |88|  ; [ORIG 16-BIT INS]
     270                            .dwpsn  file "../Program_PushButton.c",line 90,column 1,is_stmt,isa 1
     271                    $C$DW$25        .dwtag  DW_TAG_TI_branch
     272                            .dwattr $C$DW$25, DW_AT_low_pc(0x00)
     273                            .dwattr $C$DW$25, DW_AT_TI_return
     274                    
     275 00000008 4770              BX        LR                    ; [DPU_3_PIPE]  ; [ORIG 16-BIT INS]
TI ARM Assembler PC v15.12.1 Wed Oct 11 15:38:58 2017

Tools Copyright (c) 1996-2015 Texas Instruments Incorporated
Program_PushButton.asm                                               PAGE    6

     276                            ; BRANCH OCCURS                  ; [] 
     277                            .dwattr $C$DW$24, DW_AT_TI_end_file("../Program_PushButton.c")
     278                            .dwattr $C$DW$24, DW_AT_TI_end_line(0x5a)
     279                            .dwattr $C$DW$24, DW_AT_TI_end_column(0x01)
     280                            .dwendentry
     281                            .dwendtag $C$DW$24
     282                    
     283 0000000a                   .sect   ".text"
     284                            .clink
     285                            .thumbfunc Initialize_OLED
     286 0000000a                   .thumb
     287                            .global Initialize_OLED
     288                    
     289                    $C$DW$26        .dwtag  DW_TAG_subprogram
     290                            .dwattr $C$DW$26, DW_AT_name("Initialize_OLED")
     291                            .dwattr $C$DW$26, DW_AT_low_pc(Initialize_OLED)
     292                            .dwattr $C$DW$26, DW_AT_high_pc(0x00)
     293                            .dwattr $C$DW$26, DW_AT_TI_symbol_name("Initialize_OLED")
     294                            .dwattr $C$DW$26, DW_AT_external
     295                            .dwattr $C$DW$26, DW_AT_TI_begin_file("../Program_PushButton.c")
     296                            .dwattr $C$DW$26, DW_AT_TI_begin_line(0x64)
     297                            .dwattr $C$DW$26, DW_AT_TI_begin_column(0x0d)
     298                            .dwattr $C$DW$26, DW_AT_decl_file("../Program_PushButton.c")
     299                            .dwattr $C$DW$26, DW_AT_decl_line(0x64)
     300                            .dwattr $C$DW$26, DW_AT_decl_column(0x0d)
     301                            .dwattr $C$DW$26, DW_AT_TI_max_frame_size(0x08)
     302                            .dwpsn  file "../Program_PushButton.c",line 100,column 31,is_stmt,address Initialize_OLED,isa 
     303                    
     304                            .dwfde $C$DW$CIE, Initialize_OLED
     305                    
     306                    ;*****************************************************************************
     307                    ;* FUNCTION NAME: Initialize_OLED                                            *
     308                    ;*                                                                           *
     309                    ;*   Regs Modified     : A1,A2,A3,A4,V9,SP,LR,SR                             *
     310                    ;*   Regs Used         : A1,A2,A3,A4,V9,SP,LR,SR                             *
     311                    ;*   Local Frame Size  : 0 Args + 0 Auto + 4 Save = 4 byte                   *
     312                    ;*****************************************************************************
     313 0000000a           Initialize_OLED:
     314                    ;* --------------------------------------------------------------------------*
     315                            .dwcfi  cfa_offset, 0
     316 0000000a B508              PUSH      {A4, LR}              ; [DPU_3_PIPE]  ; [ORIG 16-BIT INS]
     317                            .dwcfi  cfa_offset, 8
     318                            .dwcfi  save_reg_to_mem, 14, -4
     319                            .dwcfi  save_reg_to_mem, 3, -8
     320                            .dwpsn  file "../Program_PushButton.c",line 102,column 2,is_stmt,isa 1
     321 0000000c 481B              LDR       A1, $C$CON2           ; [DPU_3_PIPE] |102|  ; [ORIG 16-BIT INS]
     322 0000000e 7800              LDRB      A1, [A1, #0]          ; [DPU_3_PIPE] |102|  ; [ORIG 16-BIT INS]
     323 00000010 B958              CBNZ      A1, ||$C$L1||         ; []  ; [ORIG 16-BIT INS]
     324                            ; BRANCHCC OCCURS {||$C$L1||}    ; [] |102| 
     325                    ;* --------------------------------------------------------------------------*
     326                            .dwpsn  file "../Program_PushButton.c",line 106,column 3,is_stmt,isa 1
     327 00000012 481B              LDR       A1, $C$CON3           ; [DPU_3_PIPE] |106|  ; [ORIG 16-BIT INS]
     328                    $C$DW$27        .dwtag  DW_TAG_TI_branch
     329                            .dwattr $C$DW$27, DW_AT_low_pc(0x00)
     330                            .dwattr $C$DW$27, DW_AT_name("RIT128x96x4Init")
TI ARM Assembler PC v15.12.1 Wed Oct 11 15:38:58 2017

Tools Copyright (c) 1996-2015 Texas Instruments Incorporated
Program_PushButton.asm                                               PAGE    7

     331                            .dwattr $C$DW$27, DW_AT_TI_call
     332                    
     333 00000014 FFFEF7FF!         BL        RIT128x96x4Init       ; [DPU_3_PIPE] |106|  ; [KEEP 32-BIT INS]
     334                            ; CALL OCCURS {RIT128x96x4Init }  ; [] |106| 
     335                            .dwpsn  file "../Program_PushButton.c",line 107,column 3,is_stmt,isa 1
     336 00000018 A014              ADR       A1, $C$SL1            ; [DPU_3_PIPE] |107|  ; [ORIG 16-BIT INS]
     337 0000001a 2124              MOVS      A2, #36               ; [DPU_3_PIPE] |107|  ; [ORIG 16-BIT INS]
     338 0000001c 2200              MOVS      A3, #0                ; [DPU_3_PIPE] |107|  ; [ORIG 16-BIT INS]
     339 0000001e 2308              MOVS      A4, #8                ; [DPU_3_PIPE] |107|  ; [ORIG 16-BIT INS]
     340                    $C$DW$28        .dwtag  DW_TAG_TI_branch
     341                            .dwattr $C$DW$28, DW_AT_low_pc(0x00)
     342                            .dwattr $C$DW$28, DW_AT_name("RIT128x96x4StringDraw")
     343                            .dwattr $C$DW$28, DW_AT_TI_call
     344                    
     345 00000020 FFFEF7FF!         BL        RIT128x96x4StringDraw ; [DPU_3_PIPE] |107|  ; [KEEP 32-BIT INS]
     346                            ; CALL OCCURS {RIT128x96x4StringDraw }  ; [] |107| 
     347                            .dwpsn  file "../Program_PushButton.c",line 109,column 3,is_stmt,isa 1
     348 00000024 4915              LDR       A2, $C$CON2           ; [DPU_3_PIPE] |109|  ; [ORIG 16-BIT INS]
     349 00000026 2001              MOVS      A1, #1                ; [DPU_3_PIPE] |109|  ; [ORIG 16-BIT INS]
     350 00000028 7008              STRB      A1, [A2, #0]          ; [DPU_3_PIPE] |109|  ; [ORIG 16-BIT INS]
     351                            .dwpsn  file "../Program_PushButton.c",line 112,column 1,is_stmt,isa 1
     352                    ;* --------------------------------------------------------------------------*
     353                    ||$C$L1||:    
     354                    $C$DW$29        .dwtag  DW_TAG_TI_branch
     355                            .dwattr $C$DW$29, DW_AT_low_pc(0x00)
     356                            .dwattr $C$DW$29, DW_AT_TI_return
     357                    
     358 0000002a BD08              POP       {A4, PC}              ; [DPU_3_PIPE]  ; [ORIG 16-BIT INS]
     359                            .dwcfi  cfa_offset, 0
     360                            ; BRANCH OCCURS                  ; [] 
     361                            .dwattr $C$DW$26, DW_AT_TI_end_file("../Program_PushButton.c")
     362                            .dwattr $C$DW$26, DW_AT_TI_end_line(0x70)
     363                            .dwattr $C$DW$26, DW_AT_TI_end_column(0x01)
     364                            .dwendentry
     365                            .dwendtag $C$DW$26
     366                    
     367 0000002c                   .sect   ".text"
     368                            .clink
     369                            .thumbfunc main
     370 0000002c                   .thumb
     371                            .global main
     372                    
     373                    $C$DW$30        .dwtag  DW_TAG_subprogram
     374                            .dwattr $C$DW$30, DW_AT_name("main")
     375                            .dwattr $C$DW$30, DW_AT_low_pc(main)
     376                            .dwattr $C$DW$30, DW_AT_high_pc(0x00)
     377                            .dwattr $C$DW$30, DW_AT_TI_symbol_name("main")
     378                            .dwattr $C$DW$30, DW_AT_external
     379                            .dwattr $C$DW$30, DW_AT_type(*$C$DW$T$10)
     380                            .dwattr $C$DW$30, DW_AT_TI_begin_file("../Program_PushButton.c")
     381                            .dwattr $C$DW$30, DW_AT_TI_begin_line(0x7a)
     382                            .dwattr $C$DW$30, DW_AT_TI_begin_column(0x05)
     383                            .dwattr $C$DW$30, DW_AT_decl_file("../Program_PushButton.c")
     384                            .dwattr $C$DW$30, DW_AT_decl_line(0x7a)
     385                            .dwattr $C$DW$30, DW_AT_decl_column(0x05)
TI ARM Assembler PC v15.12.1 Wed Oct 11 15:38:58 2017

Tools Copyright (c) 1996-2015 Texas Instruments Incorporated
Program_PushButton.asm                                               PAGE    8

     386                            .dwattr $C$DW$30, DW_AT_TI_max_frame_size(0x08)
     387                            .dwpsn  file "../Program_PushButton.c",line 122,column 19,is_stmt,address main,isa 1
     388                    
     389                            .dwfde $C$DW$CIE, main
     390                    
     391                    ;*****************************************************************************
     392                    ;* FUNCTION NAME: main                                                       *
     393                    ;*                                                                           *
     394                    ;*   Regs Modified     : A1,A2,A3,A4,V9,SP,LR,SR                             *
     395                    ;*   Regs Used         : A1,A2,A3,A4,V9,SP,LR,SR                             *
     396                    ;*   Local Frame Size  : 0 Args + 0 Auto + 4 Save = 4 byte                   *
     397                    ;*****************************************************************************
     398 0000002c           main:
     399                    ;* --------------------------------------------------------------------------*
     400                            .dwcfi  cfa_offset, 0
     401 0000002c B508              PUSH      {A4, LR}              ; [DPU_3_PIPE]  ; [ORIG 16-BIT INS]
     402                            .dwcfi  cfa_offset, 8
     403                            .dwcfi  save_reg_to_mem, 14, -4
     404                            .dwcfi  save_reg_to_mem, 3, -8
     405                            .dwpsn  file "../Program_PushButton.c",line 127,column 5,is_stmt,isa 1
     406 0000002e 4815              LDR       A1, $C$CON4           ; [DPU_3_PIPE] |127|  ; [ORIG 16-BIT INS]
     407                    $C$DW$31        .dwtag  DW_TAG_TI_branch
     408                            .dwattr $C$DW$31, DW_AT_low_pc(0x00)
     409                            .dwattr $C$DW$31, DW_AT_name("SysCtlClockSet")
     410                            .dwattr $C$DW$31, DW_AT_TI_call
     411                    
     412 00000030 FFFEF7FF!         BL        SysCtlClockSet        ; [DPU_3_PIPE] |127|  ; [KEEP 32-BIT INS]
     413                            ; CALL OCCURS {SysCtlClockSet }  ; [] |127| 
     414                            .dwpsn  file "../Program_PushButton.c",line 133,column 2,is_stmt,isa 1
     415                    $C$DW$32        .dwtag  DW_TAG_TI_branch
     416                            .dwattr $C$DW$32, DW_AT_low_pc(0x00)
     417                            .dwattr $C$DW$32, DW_AT_name("SysCtlClockGet")
     418                            .dwattr $C$DW$32, DW_AT_TI_call
     419                    
     420 00000034 FFFEF7FF!         BL        SysCtlClockGet        ; [DPU_3_PIPE] |133|  ; [KEEP 32-BIT INS]
     421                            ; CALL OCCURS {SysCtlClockGet }  ; [] |133| 
     422 00000038 4913              LDR       A2, $C$CON5           ; [DPU_3_PIPE] |133|  ; [ORIG 16-BIT INS]
     423 0000003a 6008              STR       A1, [A2, #0]          ; [DPU_3_PIPE] |133|  ; [ORIG 16-BIT INS]
     424                            .dwpsn  file "../Program_PushButton.c",line 138,column 5,is_stmt,isa 1
     425 0000003c 4813              LDR       A1, $C$CON6           ; [DPU_3_PIPE] |138|  ; [ORIG 16-BIT INS]
     426 0000003e 4912              LDR       A2, $C$CON5           ; [DPU_3_PIPE] |138|  ; [ORIG 16-BIT INS]
     427 00000040 6800              LDR       A1, [A1, #0]          ; [DPU_3_PIPE] |138|  ; [ORIG 16-BIT INS]
     428 00000042 6809              LDR       A2, [A2, #0]          ; [DPU_3_PIPE] |138|  ; [ORIG 16-BIT INS]
     429 00000044 F0F0FBB1          UDIV      A1, A2, A1            ; [DPU_3_PIPE] |138|  ; [KEEP 32-BIT INS]
     430                    $C$DW$33        .dwtag  DW_TAG_TI_branch
     431                            .dwattr $C$DW$33, DW_AT_low_pc(0x00)
     432                            .dwattr $C$DW$33, DW_AT_name("SysTickPeriodSet")
     433                            .dwattr $C$DW$33, DW_AT_TI_call
     434                    
     435 00000048 FFFEF7FF!         BL        SysTickPeriodSet      ; [DPU_3_PIPE] |138|  ; [KEEP 32-BIT INS]
     436                            ; CALL OCCURS {SysTickPeriodSet }  ; [] |138| 
     437                            .dwpsn  file "../Program_PushButton.c",line 139,column 5,is_stmt,isa 1
     438                    $C$DW$34        .dwtag  DW_TAG_TI_branch
     439                            .dwattr $C$DW$34, DW_AT_low_pc(0x00)
     440                            .dwattr $C$DW$34, DW_AT_name("SysTickIntEnable")
TI ARM Assembler PC v15.12.1 Wed Oct 11 15:38:58 2017

Tools Copyright (c) 1996-2015 Texas Instruments Incorporated
Program_PushButton.asm                                               PAGE    9

     441                            .dwattr $C$DW$34, DW_AT_TI_call
     442                    
     443 0000004c FFFEF7FF!         BL        SysTickIntEnable      ; [DPU_3_PIPE] |139|  ; [KEEP 32-BIT INS]
     444                            ; CALL OCCURS {SysTickIntEnable }  ; [] |139| 
     445                            .dwpsn  file "../Program_PushButton.c",line 140,column 5,is_stmt,isa 1
     446                    $C$DW$35        .dwtag  DW_TAG_TI_branch
     447                            .dwattr $C$DW$35, DW_AT_low_pc(0x00)
     448                            .dwattr $C$DW$35, DW_AT_name("SysTickEnable")
     449                            .dwattr $C$DW$35, DW_AT_TI_call
     450                    
     451 00000050 FFFEF7FF!         BL        SysTickEnable         ; [DPU_3_PIPE] |140|  ; [KEEP 32-BIT INS]
     452                            ; CALL OCCURS {SysTickEnable }   ; [] |140| 
     453                            .dwpsn  file "../Program_PushButton.c",line 145,column 2,is_stmt,isa 1
     454                    $C$DW$36        .dwtag  DW_TAG_TI_branch
     455                            .dwattr $C$DW$36, DW_AT_low_pc(0x00)
     456                            .dwattr $C$DW$36, DW_AT_name("UARTStdio_Initialization")
     457                            .dwattr $C$DW$36, DW_AT_TI_call
     458                    
     459 00000054 FFFEF7FF!         BL        UARTStdio_Initialization ; [DPU_3_PIPE] |145|  ; [KEEP 32-BIT INS]
     460                            ; CALL OCCURS {UARTStdio_Initialization }  ; [] |145| 
     461                            .dwpsn  file "../Program_PushButton.c",line 146,column 13,is_stmt,isa 1
     462                    ;* --------------------------------------------------------------------------*
     463                    ;*   BEGIN LOOP ||$C$L2||
     464                    ;*
     465                    ;*   Loop source line                : 146
     466                    ;*   Loop closing brace source line  : 151
     467                    ;*   Known Minimum Trip Count        : 1
     468                    ;*   Known Maximum Trip Count        : 4294967295
     469                    ;*   Known Max Trip Count Factor     : 1
     470                    ;* --------------------------------------------------------------------------*
     471 00000058           ||$C$L2||:    
     472                            .dwpsn  file "../Program_PushButton.c",line 147,column 6,is_stmt,isa 1
     473                    $C$DW$37        .dwtag  DW_TAG_TI_branch
     474                            .dwattr $C$DW$37, DW_AT_low_pc(0x00)
     475                            .dwattr $C$DW$37, DW_AT_name("Task_LEDBlink")
     476                            .dwattr $C$DW$37, DW_AT_TI_call
     477                    
     478 00000058 FFFEF7FF!         BL        Task_LEDBlink         ; [DPU_3_PIPE] |147|  ; [KEEP 32-BIT INS]
     479                            ; CALL OCCURS {Task_LEDBlink }   ; [] |147| 
     480                            .dwpsn  file "../Program_PushButton.c",line 148,column 6,is_stmt,isa 1
     481                    $C$DW$38        .dwtag  DW_TAG_TI_branch
     482                            .dwattr $C$DW$38, DW_AT_low_pc(0x00)
     483                            .dwattr $C$DW$38, DW_AT_name("Task_ReportSysTick")
     484                            .dwattr $C$DW$38, DW_AT_TI_call
     485                    
     486 0000005c FFFEF7FF!         BL        Task_ReportSysTick    ; [DPU_3_PIPE] |148|  ; [KEEP 32-BIT INS]
     487                            ; CALL OCCURS {Task_ReportSysTick }  ; [] |148| 
     488                            .dwpsn  file "../Program_PushButton.c",line 149,column 6,is_stmt,isa 1
     489                    $C$DW$39        .dwtag  DW_TAG_TI_branch
     490                            .dwattr $C$DW$39, DW_AT_low_pc(0x00)
     491                            .dwattr $C$DW$39, DW_AT_name("Task_Speakerbuzz")
     492                            .dwattr $C$DW$39, DW_AT_TI_call
     493                    
     494 00000060 FFFEF7FF!         BL        Task_Speakerbuzz      ; [DPU_3_PIPE] |149|  ; [KEEP 32-BIT INS]
     495                            ; CALL OCCURS {Task_Speakerbuzz }  ; [] |149| 
TI ARM Assembler PC v15.12.1 Wed Oct 11 15:38:58 2017

Tools Copyright (c) 1996-2015 Texas Instruments Incorporated
Program_PushButton.asm                                               PAGE   10

     496                            .dwpsn  file "../Program_PushButton.c",line 150,column 6,is_stmt,isa 1
     497                    $C$DW$40        .dwtag  DW_TAG_TI_branch
     498                            .dwattr $C$DW$40, DW_AT_low_pc(0x00)
     499                            .dwattr $C$DW$40, DW_AT_name("Task_PushButton")
     500                            .dwattr $C$DW$40, DW_AT_TI_call
     501                    
     502 00000064 FFFEF7FF!         BL        Task_PushButton       ; [DPU_3_PIPE] |150|  ; [KEEP 32-BIT INS]
     503                            ; CALL OCCURS {Task_PushButton }  ; [] |150| 
     504                            .dwpsn  file "../Program_PushButton.c",line 146,column 13,is_stmt,isa 1
     505 00000068 E7F6              B         ||$C$L2||             ; [DPU_3_PIPE] |146|  ; [ORIG 16-BIT INS]
     506                            ; BRANCH OCCURS {||$C$L2||}      ; [] |146| 
     507                    ;* --------------------------------------------------------------------------*
     508                            .dwattr $C$DW$30, DW_AT_TI_end_file("../Program_PushButton.c")
     509                            .dwattr $C$DW$30, DW_AT_TI_end_line(0x99)
     510                            .dwattr $C$DW$30, DW_AT_TI_end_column(0x01)
     511                            .dwendentry
     512                            .dwendtag $C$DW$30
     513                    
     514                    ;******************************************************************************
     515                    ;* STRINGS                                                                    *
     516                    ;******************************************************************************
     517 0000006a                   .sect   ".text"
     518                            .align  4
     519 0000006c 51        ||$C$SL1||:     .string "Qixiang Liu",0
         0000006d 69       
         0000006e 78       
         0000006f 69       
         00000070 61       
         00000071 6E       
         00000072 67       
         00000073 20       
         00000074 4C       
         00000075 69       
         00000076 75       
         00000077 00       
     520                    ;******************************************************************************
     521                    ;* CONSTANT TABLE                                                             *
     522                    ;******************************************************************************
     523 00000078                   .sect   ".text"
     524                            .align  4
     525 00000076 00000075! ||$C$CON1||:    .bits   SysTickCount_Nbr,32
         0000007a 00000000 
     526                            .align  4
     527 0000007a 00000000! ||$C$CON2||:    .bits   OLED_Initialized,32
         0000007e 00000000 
     528                            .align  4
     529 0000007e 42400000  ||$C$CON3||:    .bits   1000000,32
         00000082 0000000F 
     530                            .align  4
     531 00000082 0380000F  ||$C$CON4||:    .bits   29361024,32
         00000086 000001C0 
     532                            .align  4
     533 00000086 000001C0! ||$C$CON5||:    .bits   g_ulSystemClock,32
         0000008a 00000000 
     534                            .align  4
TI ARM Assembler PC v15.12.1 Wed Oct 11 15:38:58 2017

Tools Copyright (c) 1996-2015 Texas Instruments Incorporated
Program_PushButton.asm                                               PAGE   11

     535 0000008a 00000000! ||$C$CON6||:    .bits   SysTickFrequency_Nbr,32
         0000008e 00000000 
     536                    ;*****************************************************************************
     537                    ;* UNDEFINED EXTERNAL REFERENCES                                             *
     538                    ;*****************************************************************************
     539                            .global SysCtlClockSet
     540                            .global SysCtlClockGet
     541                            .global SysTickEnable
     542                            .global SysTickIntEnable
     543                            .global SysTickPeriodSet
     544                            .global RIT128x96x4StringDraw
     545                            .global RIT128x96x4Init
     546                            .global Task_LEDBlink
     547                            .global Task_ReportSysTick
     548                            .global Task_Speakerbuzz
     549                            .global Task_PushButton
     550                            .global UARTStdio_Initialization
     551                    
     552                    ;******************************************************************************
     553                    ;* BUILD ATTRIBUTES                                                           *
     554                    ;******************************************************************************
     555                            .battr "aeabi", Tag_File, 1, Tag_ABI_PCS_wchar_t(2)
     556                            .battr "aeabi", Tag_File, 1, Tag_ABI_FP_rounding(0)
     557                            .battr "aeabi", Tag_File, 1, Tag_ABI_FP_denormal(0)
     558                            .battr "aeabi", Tag_File, 1, Tag_ABI_FP_exceptions(0)
     559                            .battr "aeabi", Tag_File, 1, Tag_ABI_FP_number_model(1)
     560                            .battr "aeabi", Tag_File, 1, Tag_ABI_enum_size(0)
     561                            .battr "aeabi", Tag_File, 1, Tag_ABI_optimization_goals(5)
     562                            .battr "aeabi", Tag_File, 1, Tag_ABI_FP_optimization_goals(0)
     563                            .battr "TI", Tag_File, 1, Tag_Bitfield_layout(2)
     564                            .battr "TI", Tag_File, 1, Tag_FP_interface(1)
     565                    
     566                    ;******************************************************************************
     567                    ;* TYPE INFORMATION                                                           *
     568                    ;******************************************************************************
     569                    
     570                    $C$DW$T$20      .dwtag  DW_TAG_structure_type
     571                            .dwattr $C$DW$T$20, DW_AT_byte_size(0x18)
     572                    $C$DW$41        .dwtag  DW_TAG_member
     573                            .dwattr $C$DW$41, DW_AT_type(*$C$DW$T$10)
     574                            .dwattr $C$DW$41, DW_AT_name("fd")
     575                            .dwattr $C$DW$41, DW_AT_TI_symbol_name("fd")
     576                            .dwattr $C$DW$41, DW_AT_data_member_location[DW_OP_plus_uconst 0x0]
     577                            .dwattr $C$DW$41, DW_AT_accessibility(DW_ACCESS_public)
     578                            .dwattr $C$DW$41, DW_AT_decl_file("C:/TI_CodeComposer/ccsv6/tools/compiler/ti-cgt-arm_15.12.1.
     579                            .dwattr $C$DW$41, DW_AT_decl_line(0x5c)
     580                            .dwattr $C$DW$41, DW_AT_decl_column(0x0b)
     581                    
     582                    $C$DW$42        .dwtag  DW_TAG_member
     583                            .dwattr $C$DW$42, DW_AT_type(*$C$DW$T$19)
     584                            .dwattr $C$DW$42, DW_AT_name("buf")
     585                            .dwattr $C$DW$42, DW_AT_TI_symbol_name("buf")
     586                            .dwattr $C$DW$42, DW_AT_data_member_location[DW_OP_plus_uconst 0x4]
     587                            .dwattr $C$DW$42, DW_AT_accessibility(DW_ACCESS_public)
     588                            .dwattr $C$DW$42, DW_AT_decl_file("C:/TI_CodeComposer/ccsv6/tools/compiler/ti-cgt-arm_15.12.1.
TI ARM Assembler PC v15.12.1 Wed Oct 11 15:38:58 2017

Tools Copyright (c) 1996-2015 Texas Instruments Incorporated
Program_PushButton.asm                                               PAGE   12

     589                            .dwattr $C$DW$42, DW_AT_decl_line(0x5d)
     590                            .dwattr $C$DW$42, DW_AT_decl_column(0x16)
     591                    
     592                    $C$DW$43        .dwtag  DW_TAG_member
     593                            .dwattr $C$DW$43, DW_AT_type(*$C$DW$T$19)
     594                            .dwattr $C$DW$43, DW_AT_name("pos")
     595                            .dwattr $C$DW$43, DW_AT_TI_symbol_name("pos")
     596                            .dwattr $C$DW$43, DW_AT_data_member_location[DW_OP_plus_uconst 0x8]
     597                            .dwattr $C$DW$43, DW_AT_accessibility(DW_ACCESS_public)
     598                            .dwattr $C$DW$43, DW_AT_decl_file("C:/TI_CodeComposer/ccsv6/tools/compiler/ti-cgt-arm_15.12.1.
     599                            .dwattr $C$DW$43, DW_AT_decl_line(0x5e)
     600                            .dwattr $C$DW$43, DW_AT_decl_column(0x16)
     601                    
     602                    $C$DW$44        .dwtag  DW_TAG_member
     603                            .dwattr $C$DW$44, DW_AT_type(*$C$DW$T$19)
     604                            .dwattr $C$DW$44, DW_AT_name("bufend")
     605                            .dwattr $C$DW$44, DW_AT_TI_symbol_name("bufend")
     606                            .dwattr $C$DW$44, DW_AT_data_member_location[DW_OP_plus_uconst 0xc]
     607                            .dwattr $C$DW$44, DW_AT_accessibility(DW_ACCESS_public)
     608                            .dwattr $C$DW$44, DW_AT_decl_file("C:/TI_CodeComposer/ccsv6/tools/compiler/ti-cgt-arm_15.12.1.
     609                            .dwattr $C$DW$44, DW_AT_decl_line(0x5f)
     610                            .dwattr $C$DW$44, DW_AT_decl_column(0x16)
     611                    
     612                    $C$DW$45        .dwtag  DW_TAG_member
     613                            .dwattr $C$DW$45, DW_AT_type(*$C$DW$T$19)
     614                            .dwattr $C$DW$45, DW_AT_name("buff_stop")
     615                            .dwattr $C$DW$45, DW_AT_TI_symbol_name("buff_stop")
     616                            .dwattr $C$DW$45, DW_AT_data_member_location[DW_OP_plus_uconst 0x10]
     617                            .dwattr $C$DW$45, DW_AT_accessibility(DW_ACCESS_public)
     618                            .dwattr $C$DW$45, DW_AT_decl_file("C:/TI_CodeComposer/ccsv6/tools/compiler/ti-cgt-arm_15.12.1.
     619                            .dwattr $C$DW$45, DW_AT_decl_line(0x60)
     620                            .dwattr $C$DW$45, DW_AT_decl_column(0x16)
     621                    
     622                    $C$DW$46        .dwtag  DW_TAG_member
     623                            .dwattr $C$DW$46, DW_AT_type(*$C$DW$T$11)
     624                            .dwattr $C$DW$46, DW_AT_name("flags")
     625                            .dwattr $C$DW$46, DW_AT_TI_symbol_name("flags")
     626                            .dwattr $C$DW$46, DW_AT_data_member_location[DW_OP_plus_uconst 0x14]
     627                            .dwattr $C$DW$46, DW_AT_accessibility(DW_ACCESS_public)
     628                            .dwattr $C$DW$46, DW_AT_decl_file("C:/TI_CodeComposer/ccsv6/tools/compiler/ti-cgt-arm_15.12.1.
     629                            .dwattr $C$DW$46, DW_AT_decl_line(0x61)
     630                            .dwattr $C$DW$46, DW_AT_decl_column(0x16)
     631                    
     632                            .dwattr $C$DW$T$20, DW_AT_decl_file("C:/TI_CodeComposer/ccsv6/tools/compiler/ti-cgt-arm_15.12.
     633                            .dwattr $C$DW$T$20, DW_AT_decl_line(0x5b)
     634                            .dwattr $C$DW$T$20, DW_AT_decl_column(0x10)
     635                            .dwendtag $C$DW$T$20
     636                    
     637                    $C$DW$T$22      .dwtag  DW_TAG_typedef
     638                            .dwattr $C$DW$T$22, DW_AT_name("FILE")
     639                            .dwattr $C$DW$T$22, DW_AT_type(*$C$DW$T$20)
     640                            .dwattr $C$DW$T$22, DW_AT_language(DW_LANG_C)
     641                            .dwattr $C$DW$T$22, DW_AT_decl_file("C:/TI_CodeComposer/ccsv6/tools/compiler/ti-cgt-arm_15.12.
     642                            .dwattr $C$DW$T$22, DW_AT_decl_line(0x62)
     643                            .dwattr $C$DW$T$22, DW_AT_decl_column(0x03)
TI ARM Assembler PC v15.12.1 Wed Oct 11 15:38:58 2017

Tools Copyright (c) 1996-2015 Texas Instruments Incorporated
Program_PushButton.asm                                               PAGE   13

     644                    
     645                    $C$DW$T$2       .dwtag  DW_TAG_unspecified_type
     646                            .dwattr $C$DW$T$2, DW_AT_name("void")
     647                    
     648                    $C$DW$T$3       .dwtag  DW_TAG_pointer_type
     649                            .dwattr $C$DW$T$3, DW_AT_type(*$C$DW$T$2)
     650                            .dwattr $C$DW$T$3, DW_AT_address_class(0x20)
     651                    
     652                    $C$DW$T$4       .dwtag  DW_TAG_base_type
     653                            .dwattr $C$DW$T$4, DW_AT_encoding(DW_ATE_boolean)
     654                            .dwattr $C$DW$T$4, DW_AT_name("bool")
     655                            .dwattr $C$DW$T$4, DW_AT_byte_size(0x01)
     656                    
     657                    $C$DW$T$5       .dwtag  DW_TAG_base_type
     658                            .dwattr $C$DW$T$5, DW_AT_encoding(DW_ATE_signed_char)
     659                            .dwattr $C$DW$T$5, DW_AT_name("signed char")
     660                            .dwattr $C$DW$T$5, DW_AT_byte_size(0x01)
     661                    
     662                    $C$DW$T$34      .dwtag  DW_TAG_typedef
     663                            .dwattr $C$DW$T$34, DW_AT_name("int8_t")
     664                            .dwattr $C$DW$T$34, DW_AT_type(*$C$DW$T$5)
     665                            .dwattr $C$DW$T$34, DW_AT_language(DW_LANG_C)
     666                            .dwattr $C$DW$T$34, DW_AT_decl_file("C:/TI_CodeComposer/ccsv6/tools/compiler/ti-cgt-arm_15.12.
     667                            .dwattr $C$DW$T$34, DW_AT_decl_line(0x2a)
     668                            .dwattr $C$DW$T$34, DW_AT_decl_column(0x1d)
     669                    
     670                    $C$DW$T$35      .dwtag  DW_TAG_typedef
     671                            .dwattr $C$DW$T$35, DW_AT_name("int_least8_t")
     672                            .dwattr $C$DW$T$35, DW_AT_type(*$C$DW$T$34)
     673                            .dwattr $C$DW$T$35, DW_AT_language(DW_LANG_C)
     674                            .dwattr $C$DW$T$35, DW_AT_decl_file("C:/TI_CodeComposer/ccsv6/tools/compiler/ti-cgt-arm_15.12.
     675                            .dwattr $C$DW$T$35, DW_AT_decl_line(0x37)
     676                            .dwattr $C$DW$T$35, DW_AT_decl_column(0x17)
     677                    
     678                    $C$DW$T$6       .dwtag  DW_TAG_base_type
     679                            .dwattr $C$DW$T$6, DW_AT_encoding(DW_ATE_unsigned_char)
     680                            .dwattr $C$DW$T$6, DW_AT_name("unsigned char")
     681                            .dwattr $C$DW$T$6, DW_AT_byte_size(0x01)
     682                    
     683                    $C$DW$T$19      .dwtag  DW_TAG_pointer_type
     684                            .dwattr $C$DW$T$19, DW_AT_type(*$C$DW$T$6)
     685                            .dwattr $C$DW$T$19, DW_AT_address_class(0x20)
     686                    
     687                    $C$DW$T$36      .dwtag  DW_TAG_typedef
     688                            .dwattr $C$DW$T$36, DW_AT_name("tBoolean")
     689                            .dwattr $C$DW$T$36, DW_AT_type(*$C$DW$T$6)
     690                            .dwattr $C$DW$T$36, DW_AT_language(DW_LANG_C)
     691                            .dwattr $C$DW$T$36, DW_AT_decl_file("C:/TI_CodeComposer/StellarisWare-LM3S1968/inc/hw_types.h"
     692                            .dwattr $C$DW$T$36, DW_AT_decl_line(0x30)
     693                            .dwattr $C$DW$T$36, DW_AT_decl_column(0x17)
     694                    
     695                    $C$DW$T$37      .dwtag  DW_TAG_typedef
     696                            .dwattr $C$DW$T$37, DW_AT_name("uint8_t")
     697                            .dwattr $C$DW$T$37, DW_AT_type(*$C$DW$T$6)
     698                            .dwattr $C$DW$T$37, DW_AT_language(DW_LANG_C)
TI ARM Assembler PC v15.12.1 Wed Oct 11 15:38:58 2017

Tools Copyright (c) 1996-2015 Texas Instruments Incorporated
Program_PushButton.asm                                               PAGE   14

     699                            .dwattr $C$DW$T$37, DW_AT_decl_file("C:/TI_CodeComposer/ccsv6/tools/compiler/ti-cgt-arm_15.12.
     700                            .dwattr $C$DW$T$37, DW_AT_decl_line(0x2b)
     701                            .dwattr $C$DW$T$37, DW_AT_decl_column(0x1c)
     702                    
     703                    $C$DW$T$38      .dwtag  DW_TAG_typedef
     704                            .dwattr $C$DW$T$38, DW_AT_name("uint_least8_t")
     705                            .dwattr $C$DW$T$38, DW_AT_type(*$C$DW$T$37)
     706                            .dwattr $C$DW$T$38, DW_AT_language(DW_LANG_C)
     707                            .dwattr $C$DW$T$38, DW_AT_decl_file("C:/TI_CodeComposer/ccsv6/tools/compiler/ti-cgt-arm_15.12.
     708                            .dwattr $C$DW$T$38, DW_AT_decl_line(0x38)
     709                            .dwattr $C$DW$T$38, DW_AT_decl_column(0x16)
     710                    
     711                    $C$DW$T$7       .dwtag  DW_TAG_base_type
     712                            .dwattr $C$DW$T$7, DW_AT_encoding(DW_ATE_signed_char)
     713                            .dwattr $C$DW$T$7, DW_AT_name("wchar_t")
     714                            .dwattr $C$DW$T$7, DW_AT_byte_size(0x02)
     715                    
     716                    $C$DW$T$8       .dwtag  DW_TAG_base_type
     717                            .dwattr $C$DW$T$8, DW_AT_encoding(DW_ATE_signed)
     718                            .dwattr $C$DW$T$8, DW_AT_name("short")
     719                            .dwattr $C$DW$T$8, DW_AT_byte_size(0x02)
     720                    
     721                    $C$DW$T$39      .dwtag  DW_TAG_typedef
     722                            .dwattr $C$DW$T$39, DW_AT_name("int16_t")
     723                            .dwattr $C$DW$T$39, DW_AT_type(*$C$DW$T$8)
     724                            .dwattr $C$DW$T$39, DW_AT_language(DW_LANG_C)
     725                            .dwattr $C$DW$T$39, DW_AT_decl_file("C:/TI_CodeComposer/ccsv6/tools/compiler/ti-cgt-arm_15.12.
     726                            .dwattr $C$DW$T$39, DW_AT_decl_line(0x2c)
     727                            .dwattr $C$DW$T$39, DW_AT_decl_column(0x1d)
     728                    
     729                    $C$DW$T$40      .dwtag  DW_TAG_typedef
     730                            .dwattr $C$DW$T$40, DW_AT_name("int_least16_t")
     731                            .dwattr $C$DW$T$40, DW_AT_type(*$C$DW$T$39)
     732                            .dwattr $C$DW$T$40, DW_AT_language(DW_LANG_C)
     733                            .dwattr $C$DW$T$40, DW_AT_decl_file("C:/TI_CodeComposer/ccsv6/tools/compiler/ti-cgt-arm_15.12.
     734                            .dwattr $C$DW$T$40, DW_AT_decl_line(0x3a)
     735                            .dwattr $C$DW$T$40, DW_AT_decl_column(0x17)
     736                    
     737                    $C$DW$T$9       .dwtag  DW_TAG_base_type
     738                            .dwattr $C$DW$T$9, DW_AT_encoding(DW_ATE_unsigned)
     739                            .dwattr $C$DW$T$9, DW_AT_name("unsigned short")
     740                            .dwattr $C$DW$T$9, DW_AT_byte_size(0x02)
     741                    
     742                    $C$DW$T$41      .dwtag  DW_TAG_typedef
     743                            .dwattr $C$DW$T$41, DW_AT_name("uint16_t")
     744                            .dwattr $C$DW$T$41, DW_AT_type(*$C$DW$T$9)
     745                            .dwattr $C$DW$T$41, DW_AT_language(DW_LANG_C)
     746                            .dwattr $C$DW$T$41, DW_AT_decl_file("C:/TI_CodeComposer/ccsv6/tools/compiler/ti-cgt-arm_15.12.
     747                            .dwattr $C$DW$T$41, DW_AT_decl_line(0x2d)
     748                            .dwattr $C$DW$T$41, DW_AT_decl_column(0x1c)
     749                    
     750                    $C$DW$T$42      .dwtag  DW_TAG_typedef
     751                            .dwattr $C$DW$T$42, DW_AT_name("uint_least16_t")
     752                            .dwattr $C$DW$T$42, DW_AT_type(*$C$DW$T$41)
     753                            .dwattr $C$DW$T$42, DW_AT_language(DW_LANG_C)
TI ARM Assembler PC v15.12.1 Wed Oct 11 15:38:58 2017

Tools Copyright (c) 1996-2015 Texas Instruments Incorporated
Program_PushButton.asm                                               PAGE   15

     754                            .dwattr $C$DW$T$42, DW_AT_decl_file("C:/TI_CodeComposer/ccsv6/tools/compiler/ti-cgt-arm_15.12.
     755                            .dwattr $C$DW$T$42, DW_AT_decl_line(0x3b)
     756                            .dwattr $C$DW$T$42, DW_AT_decl_column(0x16)
     757                    
     758                    $C$DW$T$43      .dwtag  DW_TAG_typedef
     759                            .dwattr $C$DW$T$43, DW_AT_name("wchar_t")
     760                            .dwattr $C$DW$T$43, DW_AT_type(*$C$DW$T$9)
     761                            .dwattr $C$DW$T$43, DW_AT_language(DW_LANG_C)
     762                            .dwattr $C$DW$T$43, DW_AT_decl_file("C:/TI_CodeComposer/ccsv6/tools/compiler/ti-cgt-arm_15.12.
     763                            .dwattr $C$DW$T$43, DW_AT_decl_line(0x41)
     764                            .dwattr $C$DW$T$43, DW_AT_decl_column(0x1a)
     765                    
     766                    $C$DW$T$10      .dwtag  DW_TAG_base_type
     767                            .dwattr $C$DW$T$10, DW_AT_encoding(DW_ATE_signed)
     768                            .dwattr $C$DW$T$10, DW_AT_name("int")
     769                            .dwattr $C$DW$T$10, DW_AT_byte_size(0x04)
     770                    
     771                    $C$DW$T$47      .dwtag  DW_TAG_typedef
     772                            .dwattr $C$DW$T$47, DW_AT_name("int32_t")
     773                            .dwattr $C$DW$T$47, DW_AT_type(*$C$DW$T$10)
     774                            .dwattr $C$DW$T$47, DW_AT_language(DW_LANG_C)
     775                            .dwattr $C$DW$T$47, DW_AT_decl_file("C:/TI_CodeComposer/ccsv6/tools/compiler/ti-cgt-arm_15.12.
     776                            .dwattr $C$DW$T$47, DW_AT_decl_line(0x2e)
     777                            .dwattr $C$DW$T$47, DW_AT_decl_column(0x1d)
     778                    
     779                    $C$DW$T$48      .dwtag  DW_TAG_typedef
     780                            .dwattr $C$DW$T$48, DW_AT_name("int_fast16_t")
     781                            .dwattr $C$DW$T$48, DW_AT_type(*$C$DW$T$47)
     782                            .dwattr $C$DW$T$48, DW_AT_language(DW_LANG_C)
     783                            .dwattr $C$DW$T$48, DW_AT_decl_file("C:/TI_CodeComposer/ccsv6/tools/compiler/ti-cgt-arm_15.12.
     784                            .dwattr $C$DW$T$48, DW_AT_decl_line(0x47)
     785                            .dwattr $C$DW$T$48, DW_AT_decl_column(0x17)
     786                    
     787                    $C$DW$T$49      .dwtag  DW_TAG_typedef
     788                            .dwattr $C$DW$T$49, DW_AT_name("int_fast32_t")
     789                            .dwattr $C$DW$T$49, DW_AT_type(*$C$DW$T$47)
     790                            .dwattr $C$DW$T$49, DW_AT_language(DW_LANG_C)
     791                            .dwattr $C$DW$T$49, DW_AT_decl_file("C:/TI_CodeComposer/ccsv6/tools/compiler/ti-cgt-arm_15.12.
     792                            .dwattr $C$DW$T$49, DW_AT_decl_line(0x4a)
     793                            .dwattr $C$DW$T$49, DW_AT_decl_column(0x17)
     794                    
     795                    $C$DW$T$50      .dwtag  DW_TAG_typedef
     796                            .dwattr $C$DW$T$50, DW_AT_name("int_fast8_t")
     797                            .dwattr $C$DW$T$50, DW_AT_type(*$C$DW$T$47)
     798                            .dwattr $C$DW$T$50, DW_AT_language(DW_LANG_C)
     799                            .dwattr $C$DW$T$50, DW_AT_decl_file("C:/TI_CodeComposer/ccsv6/tools/compiler/ti-cgt-arm_15.12.
     800                            .dwattr $C$DW$T$50, DW_AT_decl_line(0x45)
     801                            .dwattr $C$DW$T$50, DW_AT_decl_column(0x17)
     802                    
     803                    $C$DW$T$51      .dwtag  DW_TAG_typedef
     804                            .dwattr $C$DW$T$51, DW_AT_name("int_least32_t")
     805                            .dwattr $C$DW$T$51, DW_AT_type(*$C$DW$T$47)
     806                            .dwattr $C$DW$T$51, DW_AT_language(DW_LANG_C)
     807                            .dwattr $C$DW$T$51, DW_AT_decl_file("C:/TI_CodeComposer/ccsv6/tools/compiler/ti-cgt-arm_15.12.
     808                            .dwattr $C$DW$T$51, DW_AT_decl_line(0x3c)
TI ARM Assembler PC v15.12.1 Wed Oct 11 15:38:58 2017

Tools Copyright (c) 1996-2015 Texas Instruments Incorporated
Program_PushButton.asm                                               PAGE   16

     809                            .dwattr $C$DW$T$51, DW_AT_decl_column(0x17)
     810                    
     811                    $C$DW$T$52      .dwtag  DW_TAG_typedef
     812                            .dwattr $C$DW$T$52, DW_AT_name("intptr_t")
     813                            .dwattr $C$DW$T$52, DW_AT_type(*$C$DW$T$10)
     814                            .dwattr $C$DW$T$52, DW_AT_language(DW_LANG_C)
     815                            .dwattr $C$DW$T$52, DW_AT_decl_file("C:/TI_CodeComposer/ccsv6/tools/compiler/ti-cgt-arm_15.12.
     816                            .dwattr $C$DW$T$52, DW_AT_decl_line(0x52)
     817                            .dwattr $C$DW$T$52, DW_AT_decl_column(0x1a)
     818                    
     819                    $C$DW$T$53      .dwtag  DW_TAG_typedef
     820                            .dwattr $C$DW$T$53, DW_AT_name("ptrdiff_t")
     821                            .dwattr $C$DW$T$53, DW_AT_type(*$C$DW$T$10)
     822                            .dwattr $C$DW$T$53, DW_AT_language(DW_LANG_C)
     823                            .dwattr $C$DW$T$53, DW_AT_decl_file("C:/TI_CodeComposer/ccsv6/tools/compiler/ti-cgt-arm_15.12.
     824                            .dwattr $C$DW$T$53, DW_AT_decl_line(0x36)
     825                            .dwattr $C$DW$T$53, DW_AT_decl_column(0x1c)
     826                    
     827                    $C$DW$T$11      .dwtag  DW_TAG_base_type
     828                            .dwattr $C$DW$T$11, DW_AT_encoding(DW_ATE_unsigned)
     829                            .dwattr $C$DW$T$11, DW_AT_name("unsigned int")
     830                            .dwattr $C$DW$T$11, DW_AT_byte_size(0x04)
     831                    
     832                    $C$DW$T$54      .dwtag  DW_TAG_typedef
     833                            .dwattr $C$DW$T$54, DW_AT_name("size_t")
     834                            .dwattr $C$DW$T$54, DW_AT_type(*$C$DW$T$11)
     835                            .dwattr $C$DW$T$54, DW_AT_language(DW_LANG_C)
     836                            .dwattr $C$DW$T$54, DW_AT_decl_file("C:/TI_CodeComposer/ccsv6/tools/compiler/ti-cgt-arm_15.12.
     837                            .dwattr $C$DW$T$54, DW_AT_decl_line(0x3a)
     838                            .dwattr $C$DW$T$54, DW_AT_decl_column(0x19)
     839                    
     840                    $C$DW$T$55      .dwtag  DW_TAG_typedef
     841                            .dwattr $C$DW$T$55, DW_AT_name("uint32_t")
     842                            .dwattr $C$DW$T$55, DW_AT_type(*$C$DW$T$11)
     843                            .dwattr $C$DW$T$55, DW_AT_language(DW_LANG_C)
     844                            .dwattr $C$DW$T$55, DW_AT_decl_file("C:/TI_CodeComposer/ccsv6/tools/compiler/ti-cgt-arm_15.12.
     845                            .dwattr $C$DW$T$55, DW_AT_decl_line(0x2f)
     846                            .dwattr $C$DW$T$55, DW_AT_decl_column(0x1c)
     847                    
     848                    $C$DW$T$56      .dwtag  DW_TAG_volatile_type
     849                            .dwattr $C$DW$T$56, DW_AT_type(*$C$DW$T$55)
     850                    
     851                    $C$DW$T$57      .dwtag  DW_TAG_typedef
     852                            .dwattr $C$DW$T$57, DW_AT_name("uint_fast16_t")
     853                            .dwattr $C$DW$T$57, DW_AT_type(*$C$DW$T$55)
     854                            .dwattr $C$DW$T$57, DW_AT_language(DW_LANG_C)
     855                            .dwattr $C$DW$T$57, DW_AT_decl_file("C:/TI_CodeComposer/ccsv6/tools/compiler/ti-cgt-arm_15.12.
     856                            .dwattr $C$DW$T$57, DW_AT_decl_line(0x48)
     857                            .dwattr $C$DW$T$57, DW_AT_decl_column(0x16)
     858                    
     859                    $C$DW$T$58      .dwtag  DW_TAG_typedef
     860                            .dwattr $C$DW$T$58, DW_AT_name("uint_fast32_t")
     861                            .dwattr $C$DW$T$58, DW_AT_type(*$C$DW$T$55)
     862                            .dwattr $C$DW$T$58, DW_AT_language(DW_LANG_C)
     863                            .dwattr $C$DW$T$58, DW_AT_decl_file("C:/TI_CodeComposer/ccsv6/tools/compiler/ti-cgt-arm_15.12.
TI ARM Assembler PC v15.12.1 Wed Oct 11 15:38:58 2017

Tools Copyright (c) 1996-2015 Texas Instruments Incorporated
Program_PushButton.asm                                               PAGE   17

     864                            .dwattr $C$DW$T$58, DW_AT_decl_line(0x4b)
     865                            .dwattr $C$DW$T$58, DW_AT_decl_column(0x16)
     866                    
     867                    $C$DW$T$59      .dwtag  DW_TAG_typedef
     868                            .dwattr $C$DW$T$59, DW_AT_name("uint_fast8_t")
     869                            .dwattr $C$DW$T$59, DW_AT_type(*$C$DW$T$55)
     870                            .dwattr $C$DW$T$59, DW_AT_language(DW_LANG_C)
     871                            .dwattr $C$DW$T$59, DW_AT_decl_file("C:/TI_CodeComposer/ccsv6/tools/compiler/ti-cgt-arm_15.12.
     872                            .dwattr $C$DW$T$59, DW_AT_decl_line(0x46)
     873                            .dwattr $C$DW$T$59, DW_AT_decl_column(0x16)
     874                    
     875                    $C$DW$T$60      .dwtag  DW_TAG_typedef
     876                            .dwattr $C$DW$T$60, DW_AT_name("uint_least32_t")
     877                            .dwattr $C$DW$T$60, DW_AT_type(*$C$DW$T$55)
     878                            .dwattr $C$DW$T$60, DW_AT_language(DW_LANG_C)
     879                            .dwattr $C$DW$T$60, DW_AT_decl_file("C:/TI_CodeComposer/ccsv6/tools/compiler/ti-cgt-arm_15.12.
     880                            .dwattr $C$DW$T$60, DW_AT_decl_line(0x3d)
     881                            .dwattr $C$DW$T$60, DW_AT_decl_column(0x16)
     882                    
     883                    $C$DW$T$61      .dwtag  DW_TAG_typedef
     884                            .dwattr $C$DW$T$61, DW_AT_name("uintptr_t")
     885                            .dwattr $C$DW$T$61, DW_AT_type(*$C$DW$T$11)
     886                            .dwattr $C$DW$T$61, DW_AT_language(DW_LANG_C)
     887                            .dwattr $C$DW$T$61, DW_AT_decl_file("C:/TI_CodeComposer/ccsv6/tools/compiler/ti-cgt-arm_15.12.
     888                            .dwattr $C$DW$T$61, DW_AT_decl_line(0x53)
     889                            .dwattr $C$DW$T$61, DW_AT_decl_column(0x1a)
     890                    
     891                    $C$DW$T$12      .dwtag  DW_TAG_base_type
     892                            .dwattr $C$DW$T$12, DW_AT_encoding(DW_ATE_signed)
     893                            .dwattr $C$DW$T$12, DW_AT_name("long")
     894                            .dwattr $C$DW$T$12, DW_AT_byte_size(0x04)
     895                    
     896                    $C$DW$T$62      .dwtag  DW_TAG_typedef
     897                            .dwattr $C$DW$T$62, DW_AT_name("fpos_t")
     898                            .dwattr $C$DW$T$62, DW_AT_type(*$C$DW$T$12)
     899                            .dwattr $C$DW$T$62, DW_AT_language(DW_LANG_C)
     900                            .dwattr $C$DW$T$62, DW_AT_decl_file("C:/TI_CodeComposer/ccsv6/tools/compiler/ti-cgt-arm_15.12.
     901                            .dwattr $C$DW$T$62, DW_AT_decl_line(0x6e)
     902                            .dwattr $C$DW$T$62, DW_AT_decl_column(0x0e)
     903                    
     904                    $C$DW$T$13      .dwtag  DW_TAG_base_type
     905                            .dwattr $C$DW$T$13, DW_AT_encoding(DW_ATE_unsigned)
     906                            .dwattr $C$DW$T$13, DW_AT_name("unsigned long")
     907                            .dwattr $C$DW$T$13, DW_AT_byte_size(0x04)
     908                    
     909                    $C$DW$T$14      .dwtag  DW_TAG_base_type
     910                            .dwattr $C$DW$T$14, DW_AT_encoding(DW_ATE_signed)
     911                            .dwattr $C$DW$T$14, DW_AT_name("long long")
     912                            .dwattr $C$DW$T$14, DW_AT_byte_size(0x08)
     913                    
     914                    $C$DW$T$65      .dwtag  DW_TAG_typedef
     915                            .dwattr $C$DW$T$65, DW_AT_name("int64_t")
     916                            .dwattr $C$DW$T$65, DW_AT_type(*$C$DW$T$14)
     917                            .dwattr $C$DW$T$65, DW_AT_language(DW_LANG_C)
     918                            .dwattr $C$DW$T$65, DW_AT_decl_file("C:/TI_CodeComposer/ccsv6/tools/compiler/ti-cgt-arm_15.12.
TI ARM Assembler PC v15.12.1 Wed Oct 11 15:38:58 2017

Tools Copyright (c) 1996-2015 Texas Instruments Incorporated
Program_PushButton.asm                                               PAGE   18

     919                            .dwattr $C$DW$T$65, DW_AT_decl_line(0x32)
     920                            .dwattr $C$DW$T$65, DW_AT_decl_column(0x21)
     921                    
     922                    $C$DW$T$66      .dwtag  DW_TAG_typedef
     923                            .dwattr $C$DW$T$66, DW_AT_name("int_fast64_t")
     924                            .dwattr $C$DW$T$66, DW_AT_type(*$C$DW$T$65)
     925                            .dwattr $C$DW$T$66, DW_AT_language(DW_LANG_C)
     926                            .dwattr $C$DW$T$66, DW_AT_decl_file("C:/TI_CodeComposer/ccsv6/tools/compiler/ti-cgt-arm_15.12.
     927                            .dwattr $C$DW$T$66, DW_AT_decl_line(0x4e)
     928                            .dwattr $C$DW$T$66, DW_AT_decl_column(0x17)
     929                    
     930                    $C$DW$T$67      .dwtag  DW_TAG_typedef
     931                            .dwattr $C$DW$T$67, DW_AT_name("int_least64_t")
     932                            .dwattr $C$DW$T$67, DW_AT_type(*$C$DW$T$65)
     933                            .dwattr $C$DW$T$67, DW_AT_language(DW_LANG_C)
     934                            .dwattr $C$DW$T$67, DW_AT_decl_file("C:/TI_CodeComposer/ccsv6/tools/compiler/ti-cgt-arm_15.12.
     935                            .dwattr $C$DW$T$67, DW_AT_decl_line(0x40)
     936                            .dwattr $C$DW$T$67, DW_AT_decl_column(0x17)
     937                    
     938                    $C$DW$T$68      .dwtag  DW_TAG_typedef
     939                            .dwattr $C$DW$T$68, DW_AT_name("intmax_t")
     940                            .dwattr $C$DW$T$68, DW_AT_type(*$C$DW$T$14)
     941                            .dwattr $C$DW$T$68, DW_AT_language(DW_LANG_C)
     942                            .dwattr $C$DW$T$68, DW_AT_decl_file("C:/TI_CodeComposer/ccsv6/tools/compiler/ti-cgt-arm_15.12.
     943                            .dwattr $C$DW$T$68, DW_AT_decl_line(0x56)
     944                            .dwattr $C$DW$T$68, DW_AT_decl_column(0x20)
     945                    
     946                    $C$DW$T$15      .dwtag  DW_TAG_base_type
     947                            .dwattr $C$DW$T$15, DW_AT_encoding(DW_ATE_unsigned)
     948                            .dwattr $C$DW$T$15, DW_AT_name("unsigned long long")
     949                            .dwattr $C$DW$T$15, DW_AT_byte_size(0x08)
     950                    
     951                    $C$DW$T$69      .dwtag  DW_TAG_typedef
     952                            .dwattr $C$DW$T$69, DW_AT_name("uint64_t")
     953                            .dwattr $C$DW$T$69, DW_AT_type(*$C$DW$T$15)
     954                            .dwattr $C$DW$T$69, DW_AT_language(DW_LANG_C)
     955                            .dwattr $C$DW$T$69, DW_AT_decl_file("C:/TI_CodeComposer/ccsv6/tools/compiler/ti-cgt-arm_15.12.
     956                            .dwattr $C$DW$T$69, DW_AT_decl_line(0x33)
     957                            .dwattr $C$DW$T$69, DW_AT_decl_column(0x20)
     958                    
     959                    $C$DW$T$70      .dwtag  DW_TAG_typedef
     960                            .dwattr $C$DW$T$70, DW_AT_name("uint_fast64_t")
     961                            .dwattr $C$DW$T$70, DW_AT_type(*$C$DW$T$69)
     962                            .dwattr $C$DW$T$70, DW_AT_language(DW_LANG_C)
     963                            .dwattr $C$DW$T$70, DW_AT_decl_file("C:/TI_CodeComposer/ccsv6/tools/compiler/ti-cgt-arm_15.12.
     964                            .dwattr $C$DW$T$70, DW_AT_decl_line(0x4f)
     965                            .dwattr $C$DW$T$70, DW_AT_decl_column(0x16)
     966                    
     967                    $C$DW$T$71      .dwtag  DW_TAG_typedef
     968                            .dwattr $C$DW$T$71, DW_AT_name("uint_least64_t")
     969                            .dwattr $C$DW$T$71, DW_AT_type(*$C$DW$T$69)
     970                            .dwattr $C$DW$T$71, DW_AT_language(DW_LANG_C)
     971                            .dwattr $C$DW$T$71, DW_AT_decl_file("C:/TI_CodeComposer/ccsv6/tools/compiler/ti-cgt-arm_15.12.
     972                            .dwattr $C$DW$T$71, DW_AT_decl_line(0x41)
     973                            .dwattr $C$DW$T$71, DW_AT_decl_column(0x16)
TI ARM Assembler PC v15.12.1 Wed Oct 11 15:38:58 2017

Tools Copyright (c) 1996-2015 Texas Instruments Incorporated
Program_PushButton.asm                                               PAGE   19

     974                    
     975                    $C$DW$T$72      .dwtag  DW_TAG_typedef
     976                            .dwattr $C$DW$T$72, DW_AT_name("uintmax_t")
     977                            .dwattr $C$DW$T$72, DW_AT_type(*$C$DW$T$15)
     978                            .dwattr $C$DW$T$72, DW_AT_language(DW_LANG_C)
     979                            .dwattr $C$DW$T$72, DW_AT_decl_file("C:/TI_CodeComposer/ccsv6/tools/compiler/ti-cgt-arm_15.12.
     980                            .dwattr $C$DW$T$72, DW_AT_decl_line(0x57)
     981                            .dwattr $C$DW$T$72, DW_AT_decl_column(0x20)
     982                    
     983                    $C$DW$T$16      .dwtag  DW_TAG_base_type
     984                            .dwattr $C$DW$T$16, DW_AT_encoding(DW_ATE_float)
     985                            .dwattr $C$DW$T$16, DW_AT_name("float")
     986                            .dwattr $C$DW$T$16, DW_AT_byte_size(0x04)
     987                    
     988                    $C$DW$T$17      .dwtag  DW_TAG_base_type
     989                            .dwattr $C$DW$T$17, DW_AT_encoding(DW_ATE_float)
     990                            .dwattr $C$DW$T$17, DW_AT_name("double")
     991                            .dwattr $C$DW$T$17, DW_AT_byte_size(0x08)
     992                    
     993                    $C$DW$T$18      .dwtag  DW_TAG_base_type
     994                            .dwattr $C$DW$T$18, DW_AT_encoding(DW_ATE_float)
     995                            .dwattr $C$DW$T$18, DW_AT_name("long double")
     996                            .dwattr $C$DW$T$18, DW_AT_byte_size(0x08)
     997                    
     998                    $C$DW$T$28      .dwtag  DW_TAG_const_type
     999                            .dwattr $C$DW$T$28, DW_AT_type(*$C$DW$T$6)
    1000                    
    1001                    $C$DW$T$29      .dwtag  DW_TAG_pointer_type
    1002                            .dwattr $C$DW$T$29, DW_AT_type(*$C$DW$T$28)
    1003                            .dwattr $C$DW$T$29, DW_AT_address_class(0x20)
    1004                    
    1005                    $C$DW$T$75      .dwtag  DW_TAG_base_type
    1006                            .dwattr $C$DW$T$75, DW_AT_encoding(DW_ATE_unsigned_char)
    1007                            .dwattr $C$DW$T$75, DW_AT_name("unsigned char")
    1008                            .dwattr $C$DW$T$75, DW_AT_byte_size(0x01)
    1009                    
    1010                    
    1011                    $C$DW$T$21      .dwtag  DW_TAG_structure_type
    1012                            .dwattr $C$DW$T$21, DW_AT_name("__va_list")
    1013                            .dwattr $C$DW$T$21, DW_AT_byte_size(0x04)
    1014                    $C$DW$47        .dwtag  DW_TAG_member
    1015                            .dwattr $C$DW$47, DW_AT_type(*$C$DW$T$3)
    1016                            .dwattr $C$DW$47, DW_AT_name("__ap")
    1017                            .dwattr $C$DW$47, DW_AT_TI_symbol_name("__ap")
    1018                            .dwattr $C$DW$47, DW_AT_data_member_location[DW_OP_plus_uconst 0x0]
    1019                            .dwattr $C$DW$47, DW_AT_accessibility(DW_ACCESS_public)
    1020                            .dwattr $C$DW$47, DW_AT_decl_file("C:/TI_CodeComposer/ccsv6/tools/compiler/ti-cgt-arm_15.12.1.
    1021                            .dwattr $C$DW$47, DW_AT_decl_line(0x38)
    1022                            .dwattr $C$DW$47, DW_AT_decl_column(0x0c)
    1023                    
    1024                            .dwattr $C$DW$T$21, DW_AT_decl_file("C:/TI_CodeComposer/ccsv6/tools/compiler/ti-cgt-arm_15.12.
    1025                            .dwattr $C$DW$T$21, DW_AT_decl_line(0x37)
    1026                            .dwattr $C$DW$T$21, DW_AT_decl_column(0x10)
    1027                            .dwendtag $C$DW$T$21
    1028                    
TI ARM Assembler PC v15.12.1 Wed Oct 11 15:38:58 2017

Tools Copyright (c) 1996-2015 Texas Instruments Incorporated
Program_PushButton.asm                                               PAGE   20

    1029                    $C$DW$T$76      .dwtag  DW_TAG_typedef
    1030                            .dwattr $C$DW$T$76, DW_AT_name("va_list")
    1031                            .dwattr $C$DW$T$76, DW_AT_type(*$C$DW$T$21)
    1032                            .dwattr $C$DW$T$76, DW_AT_language(DW_LANG_C)
    1033                            .dwattr $C$DW$T$76, DW_AT_decl_file("C:/TI_CodeComposer/ccsv6/tools/compiler/ti-cgt-arm_15.12.
    1034                            .dwattr $C$DW$T$76, DW_AT_decl_line(0x39)
    1035                            .dwattr $C$DW$T$76, DW_AT_decl_column(0x03)
    1036                    
    1037                            .dwattr $C$DW$CU, DW_AT_language(DW_LANG_C)
    1038                    
    1039                    ;***************************************************************
    1040                    ;* DWARF CIE ENTRIES                                           *
    1041                    ;***************************************************************
    1042                    
    1043                    $C$DW$CIE       .dwcie 14
    1044                            .dwcfi  cfa_register, 13
    1045                            .dwcfi  cfa_offset, 0
    1046                            .dwcfi  undefined, 0
    1047                            .dwcfi  undefined, 1
    1048                            .dwcfi  undefined, 2
    1049                            .dwcfi  undefined, 3
    1050                            .dwcfi  same_value, 4
    1051                            .dwcfi  same_value, 5
    1052                            .dwcfi  same_value, 6
    1053                            .dwcfi  same_value, 7
    1054                            .dwcfi  same_value, 8
    1055                            .dwcfi  same_value, 9
    1056                            .dwcfi  same_value, 10
    1057                            .dwcfi  same_value, 11
    1058                            .dwcfi  undefined, 12
    1059                            .dwcfi  undefined, 13
    1060                            .dwcfi  undefined, 14
    1061                            .dwcfi  undefined, 14
    1062                            .dwcfi  undefined, 7
    1063                            .dwendentry
    1064                            .dwendtag $C$DW$CU
    1065                    

--------------------------
Thumb2 Statistics
--------------------------
Number of Thumb2 ins converted to Thumb = 0 (0%)
Number of Thumb ins in input = 27 (67%)
Number of Thumb2 ins encoded as Thumb2 = 13 (100%)
Number of Thumb2 ins converted to 2 OPND Thumb = 10


No Assembly Errors, No Assembly Warnings
