TI ARM Assembler PC v15.12.1 Tue Oct 10 14:36:28 2017

Tools Copyright (c) 1996-2015 Texas Instruments Incorporated
Task_Speakerbuzz.asm                                                 PAGE    1

       1                    ;******************************************************************************
       2                    ;* TI ARM C/C++ Codegen                                       PC v15.12.1.LTS *
       3                    ;* Date/Time created: Tue Oct 10 14:36:28 2017                                *
       4                    ;******************************************************************************
       5                            .compiler_opts --abi=eabi --arm_vmrs_si_workaround=off --code_state=16 --diag_wrap=off --disab
       6 00000000                   .thumb
       7                    
       8                    $C$DW$CU        .dwtag  DW_TAG_compile_unit
       9                            .dwattr $C$DW$CU, DW_AT_name("../Tasks/Task_Speakerbuzz.c")
      10                            .dwattr $C$DW$CU, DW_AT_producer("TI TI ARM C/C++ Codegen PC v15.12.1.LTS Copyright (c) 1996-2
      11                            .dwattr $C$DW$CU, DW_AT_TI_version(0x01)
      12                            .dwattr $C$DW$CU, DW_AT_comp_dir("H:\EECS_388\TI_ARM_Projects\Program_PushButton\Debug")
      13                    
      14                    $C$DW$1 .dwtag  DW_TAG_subprogram
      15                            .dwattr $C$DW$1, DW_AT_name("SysCtlPeripheralEnable")
      16                            .dwattr $C$DW$1, DW_AT_TI_symbol_name("SysCtlPeripheralEnable")
      17                            .dwattr $C$DW$1, DW_AT_declaration
      18                            .dwattr $C$DW$1, DW_AT_external
      19                            .dwattr $C$DW$1, DW_AT_decl_file("C:/TI_CodeComposer/StellarisWare-LM3S1968/driverlib/sysctl.h
      20                            .dwattr $C$DW$1, DW_AT_decl_line(0x24d)
      21                            .dwattr $C$DW$1, DW_AT_decl_column(0x0d)
      22                    $C$DW$2 .dwtag  DW_TAG_formal_parameter
      23                            .dwattr $C$DW$2, DW_AT_type(*$C$DW$T$13)
      24                    
      25                            .dwendtag $C$DW$1
      26                    
      27                    
      28                    $C$DW$3 .dwtag  DW_TAG_subprogram
      29                            .dwattr $C$DW$3, DW_AT_name("GPIOPadConfigSet")
      30                            .dwattr $C$DW$3, DW_AT_TI_symbol_name("GPIOPadConfigSet")
      31                            .dwattr $C$DW$3, DW_AT_declaration
      32                            .dwattr $C$DW$3, DW_AT_external
      33                            .dwattr $C$DW$3, DW_AT_decl_file("C:/TI_CodeComposer/StellarisWare-LM3S1968/driverlib/gpio.h")
      34                            .dwattr $C$DW$3, DW_AT_decl_line(0x7f)
      35                            .dwattr $C$DW$3, DW_AT_decl_column(0x0d)
      36                    $C$DW$4 .dwtag  DW_TAG_formal_parameter
      37                            .dwattr $C$DW$4, DW_AT_type(*$C$DW$T$13)
      38                    
      39                    $C$DW$5 .dwtag  DW_TAG_formal_parameter
      40                            .dwattr $C$DW$5, DW_AT_type(*$C$DW$T$6)
      41                    
      42                    $C$DW$6 .dwtag  DW_TAG_formal_parameter
      43                            .dwattr $C$DW$6, DW_AT_type(*$C$DW$T$13)
      44                    
      45                    $C$DW$7 .dwtag  DW_TAG_formal_parameter
      46                            .dwattr $C$DW$7, DW_AT_type(*$C$DW$T$13)
      47                    
      48                            .dwendtag $C$DW$3
      49                    
      50                    
      51                    $C$DW$8 .dwtag  DW_TAG_subprogram
      52                            .dwattr $C$DW$8, DW_AT_name("GPIOPinRead")
      53                            .dwattr $C$DW$8, DW_AT_TI_symbol_name("GPIOPinRead")
      54                            .dwattr $C$DW$8, DW_AT_type(*$C$DW$T$12)
      55                            .dwattr $C$DW$8, DW_AT_declaration
TI ARM Assembler PC v15.12.1 Tue Oct 10 14:36:28 2017

Tools Copyright (c) 1996-2015 Texas Instruments Incorporated
Task_Speakerbuzz.asm                                                 PAGE    2

      56                            .dwattr $C$DW$8, DW_AT_external
      57                            .dwattr $C$DW$8, DW_AT_decl_file("C:/TI_CodeComposer/StellarisWare-LM3S1968/driverlib/gpio.h")
      58                            .dwattr $C$DW$8, DW_AT_decl_line(0x8c)
      59                            .dwattr $C$DW$8, DW_AT_decl_column(0x0d)
      60                    $C$DW$9 .dwtag  DW_TAG_formal_parameter
      61                            .dwattr $C$DW$9, DW_AT_type(*$C$DW$T$13)
      62                    
      63                    $C$DW$10        .dwtag  DW_TAG_formal_parameter
      64                            .dwattr $C$DW$10, DW_AT_type(*$C$DW$T$6)
      65                    
      66                            .dwendtag $C$DW$8
      67                    
      68                    
      69                    $C$DW$11        .dwtag  DW_TAG_subprogram
      70                            .dwattr $C$DW$11, DW_AT_name("GPIOPinWrite")
      71                            .dwattr $C$DW$11, DW_AT_TI_symbol_name("GPIOPinWrite")
      72                            .dwattr $C$DW$11, DW_AT_declaration
      73                            .dwattr $C$DW$11, DW_AT_external
      74                            .dwattr $C$DW$11, DW_AT_decl_file("C:/TI_CodeComposer/StellarisWare-LM3S1968/driverlib/gpio.h"
      75                            .dwattr $C$DW$11, DW_AT_decl_line(0x8d)
      76                            .dwattr $C$DW$11, DW_AT_decl_column(0x0d)
      77                    $C$DW$12        .dwtag  DW_TAG_formal_parameter
      78                            .dwattr $C$DW$12, DW_AT_type(*$C$DW$T$13)
      79                    
      80                    $C$DW$13        .dwtag  DW_TAG_formal_parameter
      81                            .dwattr $C$DW$13, DW_AT_type(*$C$DW$T$6)
      82                    
      83                    $C$DW$14        .dwtag  DW_TAG_formal_parameter
      84                            .dwattr $C$DW$14, DW_AT_type(*$C$DW$T$6)
      85                    
      86                            .dwendtag $C$DW$11
      87                    
      88                    
      89                    $C$DW$15        .dwtag  DW_TAG_subprogram
      90                            .dwattr $C$DW$15, DW_AT_name("GPIOPinTypeGPIOOutput")
      91                            .dwattr $C$DW$15, DW_AT_TI_symbol_name("GPIOPinTypeGPIOOutput")
      92                            .dwattr $C$DW$15, DW_AT_declaration
      93                            .dwattr $C$DW$15, DW_AT_external
      94                            .dwattr $C$DW$15, DW_AT_decl_file("C:/TI_CodeComposer/StellarisWare-LM3S1968/driverlib/gpio.h"
      95                            .dwattr $C$DW$15, DW_AT_decl_line(0x98)
      96                            .dwattr $C$DW$15, DW_AT_decl_column(0x0d)
      97                    $C$DW$16        .dwtag  DW_TAG_formal_parameter
      98                            .dwattr $C$DW$16, DW_AT_type(*$C$DW$T$13)
      99                    
     100                    $C$DW$17        .dwtag  DW_TAG_formal_parameter
     101                            .dwattr $C$DW$17, DW_AT_type(*$C$DW$T$6)
     102                    
     103                            .dwendtag $C$DW$15
     104                    
     105                    $C$DW$18        .dwtag  DW_TAG_variable
     106                            .dwattr $C$DW$18, DW_AT_name("SysTickFrequency_Nbr")
     107                            .dwattr $C$DW$18, DW_AT_TI_symbol_name("SysTickFrequency_Nbr")
     108                            .dwattr $C$DW$18, DW_AT_type(*$C$DW$T$47)
     109                            .dwattr $C$DW$18, DW_AT_declaration
     110                            .dwattr $C$DW$18, DW_AT_external
TI ARM Assembler PC v15.12.1 Tue Oct 10 14:36:28 2017

Tools Copyright (c) 1996-2015 Texas Instruments Incorporated
Task_Speakerbuzz.asm                                                 PAGE    3

     111                            .dwattr $C$DW$18, DW_AT_decl_file("../Tasks/Task_Speakerbuzz.c")
     112                            .dwattr $C$DW$18, DW_AT_decl_line(0x2c)
     113                            .dwattr $C$DW$18, DW_AT_decl_column(0x12)
     114                    
     115                    $C$DW$19        .dwtag  DW_TAG_variable
     116                            .dwattr $C$DW$19, DW_AT_name("SysTickCount_Nbr")
     117                            .dwattr $C$DW$19, DW_AT_TI_symbol_name("SysTickCount_Nbr")
     118                            .dwattr $C$DW$19, DW_AT_type(*$C$DW$T$47)
     119                            .dwattr $C$DW$19, DW_AT_declaration
     120                            .dwattr $C$DW$19, DW_AT_external
     121                            .dwattr $C$DW$19, DW_AT_decl_file("../Tasks/Task_Speakerbuzz.c")
     122                            .dwattr $C$DW$19, DW_AT_decl_line(0x2d)
     123                            .dwattr $C$DW$19, DW_AT_decl_column(0x12)
     124                    
     125 00000000                   .data
     126                            .align  4
     127                            .elfsym Task_Speakerbuzz_NextExecute,SYM_SIZE(4)
     128 00000000           Task_Speakerbuzz_NextExecute:
     129 00000000 00000000          .bits   0,32                    ; Task_Speakerbuzz_NextExecute @ 0
     130                    
     131                    $C$DW$20        .dwtag  DW_TAG_variable
     132                            .dwattr $C$DW$20, DW_AT_name("Task_Speakerbuzz_NextExecute")
     133                            .dwattr $C$DW$20, DW_AT_TI_symbol_name("Task_Speakerbuzz_NextExecute")
     134                            .dwattr $C$DW$20, DW_AT_type(*$C$DW$T$47)
     135                            .dwattr $C$DW$20, DW_AT_location[DW_OP_addr Task_Speakerbuzz_NextExecute]
     136                            .dwattr $C$DW$20, DW_AT_decl_file("../Tasks/Task_Speakerbuzz.c")
     137                            .dwattr $C$DW$20, DW_AT_decl_line(0x37)
     138                            .dwattr $C$DW$20, DW_AT_decl_column(0x11)
     139                    
     140 00000000                   .bss    Task_Speakerbuzz_DeltaExecute,4,4
     141                    $C$DW$21        .dwtag  DW_TAG_variable
     142                            .dwattr $C$DW$21, DW_AT_name("Task_Speakerbuzz_DeltaExecute")
     143                            .dwattr $C$DW$21, DW_AT_TI_symbol_name("Task_Speakerbuzz_DeltaExecute")
     144                            .dwattr $C$DW$21, DW_AT_type(*$C$DW$T$47)
     145                            .dwattr $C$DW$21, DW_AT_location[DW_OP_addr Task_Speakerbuzz_DeltaExecute]
     146                            .dwattr $C$DW$21, DW_AT_decl_file("../Tasks/Task_Speakerbuzz.c")
     147                            .dwattr $C$DW$21, DW_AT_decl_line(0x38)
     148                            .dwattr $C$DW$21, DW_AT_decl_column(0x11)
     149                    
     150 00000004                   .data
     151                            .align  1
     152                            .elfsym Task_Speakerbuzz_Initialized,SYM_SIZE(1)
     153 00000004           Task_Speakerbuzz_Initialized:
     154 00000004 00000000          .bits   0,8                     ; Task_Speakerbuzz_Initialized @ 0
     155                    
     156                    $C$DW$22        .dwtag  DW_TAG_variable
     157                            .dwattr $C$DW$22, DW_AT_name("Task_Speakerbuzz_Initialized")
     158                            .dwattr $C$DW$22, DW_AT_TI_symbol_name("Task_Speakerbuzz_Initialized")
     159                            .dwattr $C$DW$22, DW_AT_type(*$C$DW$T$63)
     160                            .dwattr $C$DW$22, DW_AT_location[DW_OP_addr Task_Speakerbuzz_Initialized]
     161                            .dwattr $C$DW$22, DW_AT_decl_file("../Tasks/Task_Speakerbuzz.c")
     162                            .dwattr $C$DW$22, DW_AT_decl_line(0x39)
     163                            .dwattr $C$DW$22, DW_AT_decl_column(0x0e)
     164                    
     165                    $C$DW$23        .dwtag  DW_TAG_variable
TI ARM Assembler PC v15.12.1 Tue Oct 10 14:36:28 2017

Tools Copyright (c) 1996-2015 Texas Instruments Incorporated
Task_Speakerbuzz.asm                                                 PAGE    4

     166                            .dwattr $C$DW$23, DW_AT_name("flag")
     167                            .dwattr $C$DW$23, DW_AT_TI_symbol_name("flag")
     168                            .dwattr $C$DW$23, DW_AT_type(*$C$DW$T$13)
     169                            .dwattr $C$DW$23, DW_AT_declaration
     170                            .dwattr $C$DW$23, DW_AT_external
     171                            .dwattr $C$DW$23, DW_AT_decl_file("../Tasks/Task_Speakerbuzz.c")
     172                            .dwattr $C$DW$23, DW_AT_decl_line(0x3a)
     173                            .dwattr $C$DW$23, DW_AT_decl_column(0x16)
     174                    
     175                    ;       C:\TI_CodeComposer\ccsv6\tools\compiler\ti-cgt-arm_15.12.1.LTS\bin\armacpia.exe -@C:\\Users\\q
     176 00000000                   .sect   ".text"
     177                            .clink
     178                            .thumbfunc Task_Speakerbuzz
     179 00000000                   .thumb
     180                            .global Task_Speakerbuzz
     181                    
     182                    $C$DW$24        .dwtag  DW_TAG_subprogram
     183                            .dwattr $C$DW$24, DW_AT_name("Task_Speakerbuzz")
     184                            .dwattr $C$DW$24, DW_AT_low_pc(Task_Speakerbuzz)
     185                            .dwattr $C$DW$24, DW_AT_high_pc(0x00)
     186                            .dwattr $C$DW$24, DW_AT_TI_symbol_name("Task_Speakerbuzz")
     187                            .dwattr $C$DW$24, DW_AT_external
     188                            .dwattr $C$DW$24, DW_AT_TI_begin_file("../Tasks/Task_Speakerbuzz.c")
     189                            .dwattr $C$DW$24, DW_AT_TI_begin_line(0x3b)
     190                            .dwattr $C$DW$24, DW_AT_TI_begin_column(0x0d)
     191                            .dwattr $C$DW$24, DW_AT_decl_file("../Tasks/Task_Speakerbuzz.c")
     192                            .dwattr $C$DW$24, DW_AT_decl_line(0x3b)
     193                            .dwattr $C$DW$24, DW_AT_decl_column(0x0d)
     194                            .dwattr $C$DW$24, DW_AT_TI_max_frame_size(0x08)
     195                            .dwpsn  file "../Tasks/Task_Speakerbuzz.c",line 59,column 32,is_stmt,address Task_Speakerbuzz,
     196                    
     197                            .dwfde $C$DW$CIE, Task_Speakerbuzz
     198                    
     199                    ;*****************************************************************************
     200                    ;* FUNCTION NAME: Task_Speakerbuzz                                           *
     201                    ;*                                                                           *
     202                    ;*   Regs Modified     : A1,A2,A3,A4,V9,SP,LR,SR                             *
     203                    ;*   Regs Used         : A1,A2,A3,A4,V9,SP,LR,SR                             *
     204                    ;*   Local Frame Size  : 0 Args + 4 Auto + 4 Save = 8 byte                   *
     205                    ;*****************************************************************************
     206 00000000           Task_Speakerbuzz:
     207                    ;* --------------------------------------------------------------------------*
     208                            .dwcfi  cfa_offset, 0
     209 00000000 B508              PUSH      {A4, LR}              ; [DPU_3_PIPE]  ; [ORIG 16-BIT INS]
     210                            .dwcfi  cfa_offset, 8
     211                            .dwcfi  save_reg_to_mem, 14, -4
     212                            .dwcfi  save_reg_to_mem, 3, -8
     213                    $C$DW$25        .dwtag  DW_TAG_variable
     214                            .dwattr $C$DW$25, DW_AT_name("Speakerbuzz_Data")
     215                            .dwattr $C$DW$25, DW_AT_TI_symbol_name("Speakerbuzz_Data")
     216                            .dwattr $C$DW$25, DW_AT_type(*$C$DW$T$47)
     217                            .dwattr $C$DW$25, DW_AT_location[DW_OP_breg13 0]
     218                    
     219                            .dwpsn  file "../Tasks/Task_Speakerbuzz.c",line 61,column 28,is_stmt,isa 1
     220 00000002 2000              MOVS      A1, #0                ; [DPU_3_PIPE] |61|  ; [ORIG 16-BIT INS]
TI ARM Assembler PC v15.12.1 Tue Oct 10 14:36:28 2017

Tools Copyright (c) 1996-2015 Texas Instruments Incorporated
Task_Speakerbuzz.asm                                                 PAGE    5

     221 00000004 9000              STR       A1, [SP, #0]          ; [DPU_3_PIPE] |61|  ; [ORIG 16-BIT INS]
     222                            .dwpsn  file "../Tasks/Task_Speakerbuzz.c",line 63,column 2,is_stmt,isa 1
     223 00000006 4824              LDR       A1, $C$CON1           ; [DPU_3_PIPE] |63|  ; [ORIG 16-BIT INS]
     224 00000008 7800              LDRB      A1, [A1, #0]          ; [DPU_3_PIPE] |63|  ; [ORIG 16-BIT INS]
     225 0000000a BB18              CBNZ      A1, ||$C$L1||         ; []  ; [ORIG 16-BIT INS]
     226                            ; BRANCHCC OCCURS {||$C$L1||}    ; [] |63| 
     227                    ;* --------------------------------------------------------------------------*
     228                            .dwpsn  file "../Tasks/Task_Speakerbuzz.c",line 67,column 6,is_stmt,isa 1
     229 0000000c 4823              LDR       A1, $C$CON2           ; [DPU_3_PIPE] |67|  ; [ORIG 16-BIT INS]
     230                    $C$DW$26        .dwtag  DW_TAG_TI_branch
     231                            .dwattr $C$DW$26, DW_AT_low_pc(0x00)
     232                            .dwattr $C$DW$26, DW_AT_name("SysCtlPeripheralEnable")
     233                            .dwattr $C$DW$26, DW_AT_TI_call
     234                    
     235 0000000e FFFEF7FF!         BL        SysCtlPeripheralEnable ; [DPU_3_PIPE] |67|  ; [KEEP 32-BIT INS]
     236                            ; CALL OCCURS {SysCtlPeripheralEnable }  ; [] |67| 
     237                            .dwpsn  file "../Tasks/Task_Speakerbuzz.c",line 72,column 6,is_stmt,isa 1
     238 00000012 4823              LDR       A1, $C$CON3           ; [DPU_3_PIPE] |72|  ; [ORIG 16-BIT INS]
     239 00000014 2103              MOVS      A2, #3                ; [DPU_3_PIPE] |72|  ; [ORIG 16-BIT INS]
     240                    $C$DW$27        .dwtag  DW_TAG_TI_branch
     241                            .dwattr $C$DW$27, DW_AT_low_pc(0x00)
     242                            .dwattr $C$DW$27, DW_AT_name("GPIOPinTypeGPIOOutput")
     243                            .dwattr $C$DW$27, DW_AT_TI_call
     244                    
     245 00000016 FFFEF7FF!         BL        GPIOPinTypeGPIOOutput ; [DPU_3_PIPE] |72|  ; [KEEP 32-BIT INS]
     246                            ; CALL OCCURS {GPIOPinTypeGPIOOutput }  ; [] |72| 
     247                            .dwpsn  file "../Tasks/Task_Speakerbuzz.c",line 73,column 6,is_stmt,isa 1
     248 0000001a 4821              LDR       A1, $C$CON3           ; [DPU_3_PIPE] |73|  ; [ORIG 16-BIT INS]
     249 0000001c 2103              MOVS      A2, #3                ; [DPU_3_PIPE] |73|  ; [ORIG 16-BIT INS]
     250 0000001e 2201              MOVS      A3, #1                ; [DPU_3_PIPE] |73|  ; [ORIG 16-BIT INS]
     251 00000020 2308              MOVS      A4, #8                ; [DPU_3_PIPE] |73|  ; [ORIG 16-BIT INS]
     252                    $C$DW$28        .dwtag  DW_TAG_TI_branch
     253                            .dwattr $C$DW$28, DW_AT_low_pc(0x00)
     254                            .dwattr $C$DW$28, DW_AT_name("GPIOPadConfigSet")
     255                            .dwattr $C$DW$28, DW_AT_TI_call
     256                    
     257 00000022 FFFEF7FF!         BL        GPIOPadConfigSet      ; [DPU_3_PIPE] |73|  ; [KEEP 32-BIT INS]
     258                            ; CALL OCCURS {GPIOPadConfigSet }  ; [] |73| 
     259                            .dwpsn  file "../Tasks/Task_Speakerbuzz.c",line 75,column 6,is_stmt,isa 1
     260 00000026 481E              LDR       A1, $C$CON3           ; [DPU_3_PIPE] |75|  ; [ORIG 16-BIT INS]
     261 00000028 2103              MOVS      A2, #3                ; [DPU_3_PIPE] |75|  ; [ORIG 16-BIT INS]
     262 0000002a 2201              MOVS      A3, #1                ; [DPU_3_PIPE] |75|  ; [ORIG 16-BIT INS]
     263                    $C$DW$29        .dwtag  DW_TAG_TI_branch
     264                            .dwattr $C$DW$29, DW_AT_low_pc(0x00)
     265                            .dwattr $C$DW$29, DW_AT_name("GPIOPinWrite")
     266                            .dwattr $C$DW$29, DW_AT_TI_call
     267                    
     268 0000002c FFFEF7FF!         BL        GPIOPinWrite          ; [DPU_3_PIPE] |75|  ; [KEEP 32-BIT INS]
     269                            ; CALL OCCURS {GPIOPinWrite }    ; [] |75| 
     270                            .dwpsn  file "../Tasks/Task_Speakerbuzz.c",line 80,column 6,is_stmt,isa 1
     271 00000030 481D              LDR       A1, $C$CON5           ; [DPU_3_PIPE] |80|  ; [ORIG 16-BIT INS]
     272 00000032 491C              LDR       A2, $C$CON4           ; [DPU_3_PIPE] |80|  ; [ORIG 16-BIT INS]
     273 00000034 6800              LDR       A1, [A1, #0]          ; [DPU_3_PIPE] |80|  ; [ORIG 16-BIT INS]
     274 00000036 725CF44F          MOV       A3, #880              ; [DPU_3_PIPE] |80|  ; [KEEP 32-BIT INS]
     275 0000003a F0F2FBB0          UDIV      A1, A1, A3            ; [DPU_3_PIPE] |80|  ; [KEEP 32-BIT INS]
TI ARM Assembler PC v15.12.1 Tue Oct 10 14:36:28 2017

Tools Copyright (c) 1996-2015 Texas Instruments Incorporated
Task_Speakerbuzz.asm                                                 PAGE    6

     276 0000003e 6008              STR       A1, [A2, #0]          ; [DPU_3_PIPE] |80|  ; [ORIG 16-BIT INS]
     277                            .dwpsn  file "../Tasks/Task_Speakerbuzz.c",line 81,column 6,is_stmt,isa 1
     278 00000040 491B              LDR       A2, $C$CON7           ; [DPU_3_PIPE] |81|  ; [ORIG 16-BIT INS]
     279 00000042 4818              LDR       A1, $C$CON4           ; [DPU_3_PIPE] |81|  ; [ORIG 16-BIT INS]
     280 00000044 680A              LDR       A3, [A2, #0]          ; [DPU_3_PIPE] |81|  ; [ORIG 16-BIT INS]
     281 00000046 6800              LDR       A1, [A1, #0]          ; [DPU_3_PIPE] |81|  ; [ORIG 16-BIT INS]
     282 00000048 4918              LDR       A2, $C$CON6           ; [DPU_3_PIPE] |81|  ; [ORIG 16-BIT INS]
     283 0000004a 1880              ADDS      A1, A1, A3            ; [DPU_3_PIPE] |81|  ; [ORIG 16-BIT INS]
     284 0000004c 6008              STR       A1, [A2, #0]          ; [DPU_3_PIPE] |81|  ; [ORIG 16-BIT INS]
     285                            .dwpsn  file "../Tasks/Task_Speakerbuzz.c",line 82,column 6,is_stmt,isa 1
     286 0000004e 4912              LDR       A2, $C$CON1           ; [DPU_3_PIPE] |82|  ; [ORIG 16-BIT INS]
     287 00000050 2001              MOVS      A1, #1                ; [DPU_3_PIPE] |82|  ; [ORIG 16-BIT INS]
     288 00000052 7008              STRB      A1, [A2, #0]          ; [DPU_3_PIPE] |82|  ; [ORIG 16-BIT INS]
     289                    ;* --------------------------------------------------------------------------*
     290 00000054           ||$C$L1||:    
     291                            .dwpsn  file "../Tasks/Task_Speakerbuzz.c",line 92,column 2,is_stmt,isa 1
     292 00000054 4815              LDR       A1, $C$CON6           ; [DPU_3_PIPE] |92|  ; [ORIG 16-BIT INS]
     293 00000056 4916              LDR       A2, $C$CON7           ; [DPU_3_PIPE] |92|  ; [ORIG 16-BIT INS]
     294 00000058 6800              LDR       A1, [A1, #0]          ; [DPU_3_PIPE] |92|  ; [ORIG 16-BIT INS]
     295 0000005a 6809              LDR       A2, [A2, #0]          ; [DPU_3_PIPE] |92|  ; [ORIG 16-BIT INS]
     296 0000005c 4288              CMP       A1, A2                ; [DPU_3_PIPE] |92|  ; [ORIG 16-BIT INS]
     297 0000005e D819              BHI       ||$C$L3||             ; [DPU_3_PIPE] |92|  ; [ORIG 16-BIT INS]
     298                            ; BRANCHCC OCCURS {||$C$L3||}    ; [] |92| 
     299                    ;* --------------------------------------------------------------------------*
     300                            .dwpsn  file "../Tasks/Task_Speakerbuzz.c",line 94,column 3,is_stmt,isa 1
     301 00000060 4814              LDR       A1, $C$CON8           ; [DPU_3_PIPE] |94|  ; [ORIG 16-BIT INS]
     302 00000062 6800              LDR       A1, [A1, #0]          ; [DPU_3_PIPE] |94|  ; [ORIG 16-BIT INS]
     303 00000064 2801              CMP       A1, #1                ; [DPU_3_PIPE] |94|  ; [ORIG 16-BIT INS]
     304 00000066 D10E              BNE       ||$C$L2||             ; [DPU_3_PIPE] |94|  ; [ORIG 16-BIT INS]
     305                            ; BRANCHCC OCCURS {||$C$L2||}    ; [] |94| 
     306                    ;* --------------------------------------------------------------------------*
     307                            .dwpsn  file "../Tasks/Task_Speakerbuzz.c",line 95,column 4,is_stmt,isa 1
     308 00000068 480D              LDR       A1, $C$CON3           ; [DPU_3_PIPE] |95|  ; [ORIG 16-BIT INS]
     309 0000006a 2103              MOVS      A2, #3                ; [DPU_3_PIPE] |95|  ; [ORIG 16-BIT INS]
     310                    $C$DW$30        .dwtag  DW_TAG_TI_branch
     311                            .dwattr $C$DW$30, DW_AT_low_pc(0x00)
     312                            .dwattr $C$DW$30, DW_AT_name("GPIOPinRead")
     313                            .dwattr $C$DW$30, DW_AT_TI_call
     314                    
     315 0000006c FFFEF7FF!         BL        GPIOPinRead           ; [DPU_3_PIPE] |95|  ; [KEEP 32-BIT INS]
     316                            ; CALL OCCURS {GPIOPinRead }     ; [] |95| 
     317 00000070 9000              STR       A1, [SP, #0]          ; [DPU_3_PIPE] |95|  ; [ORIG 16-BIT INS]
     318                            .dwpsn  file "../Tasks/Task_Speakerbuzz.c",line 96,column 4,is_stmt,isa 1
     319 00000072 9800              LDR       A1, [SP, #0]          ; [DPU_3_PIPE] |96|  ; [ORIG 16-BIT INS]
     320 00000074 0003F080          EOR       A1, A1, #3            ; [DPU_3_PIPE] |96|  ; [KEEP 32-BIT INS]
     321 00000078 9000              STR       A1, [SP, #0]          ; [DPU_3_PIPE] |96|  ; [ORIG 16-BIT INS]
     322                            .dwpsn  file "../Tasks/Task_Speakerbuzz.c",line 97,column 4,is_stmt,isa 1
     323 0000007a 4809              LDR       A1, $C$CON3           ; [DPU_3_PIPE] |97|  ; [ORIG 16-BIT INS]
     324 0000007c 2000F89D          LDRB      A3, [SP, #0]          ; [DPU_3_PIPE] |97|  ; [KEEP 32-BIT INS]
     325 00000080 2103              MOVS      A2, #3                ; [DPU_3_PIPE] |97|  ; [ORIG 16-BIT INS]
     326                    $C$DW$31        .dwtag  DW_TAG_TI_branch
     327                            .dwattr $C$DW$31, DW_AT_low_pc(0x00)
     328                            .dwattr $C$DW$31, DW_AT_name("GPIOPinWrite")
     329                            .dwattr $C$DW$31, DW_AT_TI_call
     330                    
TI ARM Assembler PC v15.12.1 Tue Oct 10 14:36:28 2017

Tools Copyright (c) 1996-2015 Texas Instruments Incorporated
Task_Speakerbuzz.asm                                                 PAGE    7

     331 00000082 FFFEF7FF!         BL        GPIOPinWrite          ; [DPU_3_PIPE] |97|  ; [KEEP 32-BIT INS]
     332                            ; CALL OCCURS {GPIOPinWrite }    ; [] |97| 
     333                    ;* --------------------------------------------------------------------------*
     334 00000086           ||$C$L2||:    
     335                            .dwpsn  file "../Tasks/Task_Speakerbuzz.c",line 103,column 9,is_stmt,isa 1
     336 00000086 490A              LDR       A2, $C$CON7           ; [DPU_3_PIPE] |103|  ; [ORIG 16-BIT INS]
     337 00000088 4806              LDR       A1, $C$CON4           ; [DPU_3_PIPE] |103|  ; [ORIG 16-BIT INS]
     338 0000008a 680A              LDR       A3, [A2, #0]          ; [DPU_3_PIPE] |103|  ; [ORIG 16-BIT INS]
     339 0000008c 6800              LDR       A1, [A1, #0]          ; [DPU_3_PIPE] |103|  ; [ORIG 16-BIT INS]
     340 0000008e 4907              LDR       A2, $C$CON6           ; [DPU_3_PIPE] |103|  ; [ORIG 16-BIT INS]
     341 00000090 1880              ADDS      A1, A1, A3            ; [DPU_3_PIPE] |103|  ; [ORIG 16-BIT INS]
     342 00000092 6008              STR       A1, [A2, #0]          ; [DPU_3_PIPE] |103|  ; [ORIG 16-BIT INS]
     343                            .dwpsn  file "../Tasks/Task_Speakerbuzz.c",line 106,column 1,is_stmt,isa 1
     344                    ;* --------------------------------------------------------------------------*
     345                    ||$C$L3||:    
     346                    $C$DW$32        .dwtag  DW_TAG_TI_branch
     347                            .dwattr $C$DW$32, DW_AT_low_pc(0x00)
     348                            .dwattr $C$DW$32, DW_AT_TI_return
     349                    
     350 00000094 BD08              POP       {A4, PC}              ; [DPU_3_PIPE]  ; [ORIG 16-BIT INS]
     351                            .dwcfi  cfa_offset, 0
     352                            ; BRANCH OCCURS                  ; [] 
     353                            .dwattr $C$DW$24, DW_AT_TI_end_file("../Tasks/Task_Speakerbuzz.c")
     354                            .dwattr $C$DW$24, DW_AT_TI_end_line(0x6a)
     355                            .dwattr $C$DW$24, DW_AT_TI_end_column(0x01)
     356                            .dwendentry
     357                            .dwendtag $C$DW$24
     358                    
     359                    ;******************************************************************************
     360                    ;* CONSTANT TABLE                                                             *
     361                    ;******************************************************************************
     362 00000096                   .sect   ".text"
     363                            .align  4
     364 00000096 000046C0! ||$C$CON1||:    .bits   Task_Speakerbuzz_Initialized,32
         0000009a 00000000 
     365                            .align  4
     366 0000009a 00800000  ||$C$CON2||:    .bits   536871040,32
         0000009e 00002000 
     367                            .align  4
     368 0000009e 70002000  ||$C$CON3||:    .bits   1073901568,32
         000000a2 00004002 
     369                            .align  4
     370 000000a2 00004002! ||$C$CON4||:    .bits   Task_Speakerbuzz_DeltaExecute,32
         000000a6 00000000 
     371                            .align  4
     372 000000a6 00000000! ||$C$CON5||:    .bits   SysTickFrequency_Nbr,32
         000000aa 00000000 
     373                            .align  4
     374 000000aa 00000000! ||$C$CON6||:    .bits   Task_Speakerbuzz_NextExecute,32
         000000ae 00000000 
     375                            .align  4
     376 000000ae 00000000! ||$C$CON7||:    .bits   SysTickCount_Nbr,32
         000000b2 00000000 
     377                            .align  4
     378 000000b2 00000000! ||$C$CON8||:    .bits   flag,32
TI ARM Assembler PC v15.12.1 Tue Oct 10 14:36:28 2017

Tools Copyright (c) 1996-2015 Texas Instruments Incorporated
Task_Speakerbuzz.asm                                                 PAGE    8

         000000b6 00000000 
     379                    ;*****************************************************************************
     380                    ;* UNDEFINED EXTERNAL REFERENCES                                             *
     381                    ;*****************************************************************************
     382                            .global SysCtlPeripheralEnable
     383                            .global GPIOPadConfigSet
     384                            .global GPIOPinRead
     385                            .global GPIOPinWrite
     386                            .global GPIOPinTypeGPIOOutput
     387                            .global SysTickFrequency_Nbr
     388                            .global SysTickCount_Nbr
     389                            .global flag
     390                    
     391                    ;******************************************************************************
     392                    ;* BUILD ATTRIBUTES                                                           *
     393                    ;******************************************************************************
     394                            .battr "aeabi", Tag_File, 1, Tag_ABI_PCS_wchar_t(2)
     395                            .battr "aeabi", Tag_File, 1, Tag_ABI_FP_rounding(0)
     396                            .battr "aeabi", Tag_File, 1, Tag_ABI_FP_denormal(0)
     397                            .battr "aeabi", Tag_File, 1, Tag_ABI_FP_exceptions(0)
     398                            .battr "aeabi", Tag_File, 1, Tag_ABI_FP_number_model(1)
     399                            .battr "aeabi", Tag_File, 1, Tag_ABI_enum_size(0)
     400                            .battr "aeabi", Tag_File, 1, Tag_ABI_optimization_goals(5)
     401                            .battr "aeabi", Tag_File, 1, Tag_ABI_FP_optimization_goals(0)
     402                            .battr "TI", Tag_File, 1, Tag_Bitfield_layout(2)
     403                            .battr "TI", Tag_File, 1, Tag_FP_interface(1)
     404                    
     405                    ;******************************************************************************
     406                    ;* TYPE INFORMATION                                                           *
     407                    ;******************************************************************************
     408                    $C$DW$T$2       .dwtag  DW_TAG_unspecified_type
     409                            .dwattr $C$DW$T$2, DW_AT_name("void")
     410                    
     411                    $C$DW$T$3       .dwtag  DW_TAG_pointer_type
     412                            .dwattr $C$DW$T$3, DW_AT_type(*$C$DW$T$2)
     413                            .dwattr $C$DW$T$3, DW_AT_address_class(0x20)
     414                    
     415                    $C$DW$T$4       .dwtag  DW_TAG_base_type
     416                            .dwattr $C$DW$T$4, DW_AT_encoding(DW_ATE_boolean)
     417                            .dwattr $C$DW$T$4, DW_AT_name("bool")
     418                            .dwattr $C$DW$T$4, DW_AT_byte_size(0x01)
     419                    
     420                    $C$DW$T$5       .dwtag  DW_TAG_base_type
     421                            .dwattr $C$DW$T$5, DW_AT_encoding(DW_ATE_signed_char)
     422                            .dwattr $C$DW$T$5, DW_AT_name("signed char")
     423                            .dwattr $C$DW$T$5, DW_AT_byte_size(0x01)
     424                    
     425                    $C$DW$T$29      .dwtag  DW_TAG_typedef
     426                            .dwattr $C$DW$T$29, DW_AT_name("int8_t")
     427                            .dwattr $C$DW$T$29, DW_AT_type(*$C$DW$T$5)
     428                            .dwattr $C$DW$T$29, DW_AT_language(DW_LANG_C)
     429                            .dwattr $C$DW$T$29, DW_AT_decl_file("C:/TI_CodeComposer/ccsv6/tools/compiler/ti-cgt-arm_15.12.
     430                            .dwattr $C$DW$T$29, DW_AT_decl_line(0x2a)
     431                            .dwattr $C$DW$T$29, DW_AT_decl_column(0x1d)
     432                    
TI ARM Assembler PC v15.12.1 Tue Oct 10 14:36:28 2017

Tools Copyright (c) 1996-2015 Texas Instruments Incorporated
Task_Speakerbuzz.asm                                                 PAGE    9

     433                    $C$DW$T$30      .dwtag  DW_TAG_typedef
     434                            .dwattr $C$DW$T$30, DW_AT_name("int_least8_t")
     435                            .dwattr $C$DW$T$30, DW_AT_type(*$C$DW$T$29)
     436                            .dwattr $C$DW$T$30, DW_AT_language(DW_LANG_C)
     437                            .dwattr $C$DW$T$30, DW_AT_decl_file("C:/TI_CodeComposer/ccsv6/tools/compiler/ti-cgt-arm_15.12.
     438                            .dwattr $C$DW$T$30, DW_AT_decl_line(0x37)
     439                            .dwattr $C$DW$T$30, DW_AT_decl_column(0x17)
     440                    
     441                    $C$DW$T$6       .dwtag  DW_TAG_base_type
     442                            .dwattr $C$DW$T$6, DW_AT_encoding(DW_ATE_unsigned_char)
     443                            .dwattr $C$DW$T$6, DW_AT_name("unsigned char")
     444                            .dwattr $C$DW$T$6, DW_AT_byte_size(0x01)
     445                    
     446                    $C$DW$T$31      .dwtag  DW_TAG_typedef
     447                            .dwattr $C$DW$T$31, DW_AT_name("tBoolean")
     448                            .dwattr $C$DW$T$31, DW_AT_type(*$C$DW$T$6)
     449                            .dwattr $C$DW$T$31, DW_AT_language(DW_LANG_C)
     450                            .dwattr $C$DW$T$31, DW_AT_decl_file("C:/TI_CodeComposer/StellarisWare-LM3S1968/inc/hw_types.h"
     451                            .dwattr $C$DW$T$31, DW_AT_decl_line(0x30)
     452                            .dwattr $C$DW$T$31, DW_AT_decl_column(0x17)
     453                    
     454                    $C$DW$T$32      .dwtag  DW_TAG_typedef
     455                            .dwattr $C$DW$T$32, DW_AT_name("uint8_t")
     456                            .dwattr $C$DW$T$32, DW_AT_type(*$C$DW$T$6)
     457                            .dwattr $C$DW$T$32, DW_AT_language(DW_LANG_C)
     458                            .dwattr $C$DW$T$32, DW_AT_decl_file("C:/TI_CodeComposer/ccsv6/tools/compiler/ti-cgt-arm_15.12.
     459                            .dwattr $C$DW$T$32, DW_AT_decl_line(0x2b)
     460                            .dwattr $C$DW$T$32, DW_AT_decl_column(0x1c)
     461                    
     462                    $C$DW$T$33      .dwtag  DW_TAG_typedef
     463                            .dwattr $C$DW$T$33, DW_AT_name("uint_least8_t")
     464                            .dwattr $C$DW$T$33, DW_AT_type(*$C$DW$T$32)
     465                            .dwattr $C$DW$T$33, DW_AT_language(DW_LANG_C)
     466                            .dwattr $C$DW$T$33, DW_AT_decl_file("C:/TI_CodeComposer/ccsv6/tools/compiler/ti-cgt-arm_15.12.
     467                            .dwattr $C$DW$T$33, DW_AT_decl_line(0x38)
     468                            .dwattr $C$DW$T$33, DW_AT_decl_column(0x16)
     469                    
     470                    $C$DW$T$7       .dwtag  DW_TAG_base_type
     471                            .dwattr $C$DW$T$7, DW_AT_encoding(DW_ATE_signed_char)
     472                            .dwattr $C$DW$T$7, DW_AT_name("wchar_t")
     473                            .dwattr $C$DW$T$7, DW_AT_byte_size(0x02)
     474                    
     475                    $C$DW$T$8       .dwtag  DW_TAG_base_type
     476                            .dwattr $C$DW$T$8, DW_AT_encoding(DW_ATE_signed)
     477                            .dwattr $C$DW$T$8, DW_AT_name("short")
     478                            .dwattr $C$DW$T$8, DW_AT_byte_size(0x02)
     479                    
     480                    $C$DW$T$34      .dwtag  DW_TAG_typedef
     481                            .dwattr $C$DW$T$34, DW_AT_name("int16_t")
     482                            .dwattr $C$DW$T$34, DW_AT_type(*$C$DW$T$8)
     483                            .dwattr $C$DW$T$34, DW_AT_language(DW_LANG_C)
     484                            .dwattr $C$DW$T$34, DW_AT_decl_file("C:/TI_CodeComposer/ccsv6/tools/compiler/ti-cgt-arm_15.12.
     485                            .dwattr $C$DW$T$34, DW_AT_decl_line(0x2c)
     486                            .dwattr $C$DW$T$34, DW_AT_decl_column(0x1d)
     487                    
TI ARM Assembler PC v15.12.1 Tue Oct 10 14:36:28 2017

Tools Copyright (c) 1996-2015 Texas Instruments Incorporated
Task_Speakerbuzz.asm                                                 PAGE   10

     488                    $C$DW$T$35      .dwtag  DW_TAG_typedef
     489                            .dwattr $C$DW$T$35, DW_AT_name("int_least16_t")
     490                            .dwattr $C$DW$T$35, DW_AT_type(*$C$DW$T$34)
     491                            .dwattr $C$DW$T$35, DW_AT_language(DW_LANG_C)
     492                            .dwattr $C$DW$T$35, DW_AT_decl_file("C:/TI_CodeComposer/ccsv6/tools/compiler/ti-cgt-arm_15.12.
     493                            .dwattr $C$DW$T$35, DW_AT_decl_line(0x3a)
     494                            .dwattr $C$DW$T$35, DW_AT_decl_column(0x17)
     495                    
     496                    $C$DW$T$9       .dwtag  DW_TAG_base_type
     497                            .dwattr $C$DW$T$9, DW_AT_encoding(DW_ATE_unsigned)
     498                            .dwattr $C$DW$T$9, DW_AT_name("unsigned short")
     499                            .dwattr $C$DW$T$9, DW_AT_byte_size(0x02)
     500                    
     501                    $C$DW$T$36      .dwtag  DW_TAG_typedef
     502                            .dwattr $C$DW$T$36, DW_AT_name("uint16_t")
     503                            .dwattr $C$DW$T$36, DW_AT_type(*$C$DW$T$9)
     504                            .dwattr $C$DW$T$36, DW_AT_language(DW_LANG_C)
     505                            .dwattr $C$DW$T$36, DW_AT_decl_file("C:/TI_CodeComposer/ccsv6/tools/compiler/ti-cgt-arm_15.12.
     506                            .dwattr $C$DW$T$36, DW_AT_decl_line(0x2d)
     507                            .dwattr $C$DW$T$36, DW_AT_decl_column(0x1c)
     508                    
     509                    $C$DW$T$37      .dwtag  DW_TAG_typedef
     510                            .dwattr $C$DW$T$37, DW_AT_name("uint_least16_t")
     511                            .dwattr $C$DW$T$37, DW_AT_type(*$C$DW$T$36)
     512                            .dwattr $C$DW$T$37, DW_AT_language(DW_LANG_C)
     513                            .dwattr $C$DW$T$37, DW_AT_decl_file("C:/TI_CodeComposer/ccsv6/tools/compiler/ti-cgt-arm_15.12.
     514                            .dwattr $C$DW$T$37, DW_AT_decl_line(0x3b)
     515                            .dwattr $C$DW$T$37, DW_AT_decl_column(0x16)
     516                    
     517                    $C$DW$T$38      .dwtag  DW_TAG_typedef
     518                            .dwattr $C$DW$T$38, DW_AT_name("wchar_t")
     519                            .dwattr $C$DW$T$38, DW_AT_type(*$C$DW$T$9)
     520                            .dwattr $C$DW$T$38, DW_AT_language(DW_LANG_C)
     521                            .dwattr $C$DW$T$38, DW_AT_decl_file("C:/TI_CodeComposer/ccsv6/tools/compiler/ti-cgt-arm_15.12.
     522                            .dwattr $C$DW$T$38, DW_AT_decl_line(0x41)
     523                            .dwattr $C$DW$T$38, DW_AT_decl_column(0x1a)
     524                    
     525                    $C$DW$T$10      .dwtag  DW_TAG_base_type
     526                            .dwattr $C$DW$T$10, DW_AT_encoding(DW_ATE_signed)
     527                            .dwattr $C$DW$T$10, DW_AT_name("int")
     528                            .dwattr $C$DW$T$10, DW_AT_byte_size(0x04)
     529                    
     530                    $C$DW$T$39      .dwtag  DW_TAG_typedef
     531                            .dwattr $C$DW$T$39, DW_AT_name("int32_t")
     532                            .dwattr $C$DW$T$39, DW_AT_type(*$C$DW$T$10)
     533                            .dwattr $C$DW$T$39, DW_AT_language(DW_LANG_C)
     534                            .dwattr $C$DW$T$39, DW_AT_decl_file("C:/TI_CodeComposer/ccsv6/tools/compiler/ti-cgt-arm_15.12.
     535                            .dwattr $C$DW$T$39, DW_AT_decl_line(0x2e)
     536                            .dwattr $C$DW$T$39, DW_AT_decl_column(0x1d)
     537                    
     538                    $C$DW$T$40      .dwtag  DW_TAG_typedef
     539                            .dwattr $C$DW$T$40, DW_AT_name("int_fast16_t")
     540                            .dwattr $C$DW$T$40, DW_AT_type(*$C$DW$T$39)
     541                            .dwattr $C$DW$T$40, DW_AT_language(DW_LANG_C)
     542                            .dwattr $C$DW$T$40, DW_AT_decl_file("C:/TI_CodeComposer/ccsv6/tools/compiler/ti-cgt-arm_15.12.
TI ARM Assembler PC v15.12.1 Tue Oct 10 14:36:28 2017

Tools Copyright (c) 1996-2015 Texas Instruments Incorporated
Task_Speakerbuzz.asm                                                 PAGE   11

     543                            .dwattr $C$DW$T$40, DW_AT_decl_line(0x47)
     544                            .dwattr $C$DW$T$40, DW_AT_decl_column(0x17)
     545                    
     546                    $C$DW$T$41      .dwtag  DW_TAG_typedef
     547                            .dwattr $C$DW$T$41, DW_AT_name("int_fast32_t")
     548                            .dwattr $C$DW$T$41, DW_AT_type(*$C$DW$T$39)
     549                            .dwattr $C$DW$T$41, DW_AT_language(DW_LANG_C)
     550                            .dwattr $C$DW$T$41, DW_AT_decl_file("C:/TI_CodeComposer/ccsv6/tools/compiler/ti-cgt-arm_15.12.
     551                            .dwattr $C$DW$T$41, DW_AT_decl_line(0x4a)
     552                            .dwattr $C$DW$T$41, DW_AT_decl_column(0x17)
     553                    
     554                    $C$DW$T$42      .dwtag  DW_TAG_typedef
     555                            .dwattr $C$DW$T$42, DW_AT_name("int_fast8_t")
     556                            .dwattr $C$DW$T$42, DW_AT_type(*$C$DW$T$39)
     557                            .dwattr $C$DW$T$42, DW_AT_language(DW_LANG_C)
     558                            .dwattr $C$DW$T$42, DW_AT_decl_file("C:/TI_CodeComposer/ccsv6/tools/compiler/ti-cgt-arm_15.12.
     559                            .dwattr $C$DW$T$42, DW_AT_decl_line(0x45)
     560                            .dwattr $C$DW$T$42, DW_AT_decl_column(0x17)
     561                    
     562                    $C$DW$T$43      .dwtag  DW_TAG_typedef
     563                            .dwattr $C$DW$T$43, DW_AT_name("int_least32_t")
     564                            .dwattr $C$DW$T$43, DW_AT_type(*$C$DW$T$39)
     565                            .dwattr $C$DW$T$43, DW_AT_language(DW_LANG_C)
     566                            .dwattr $C$DW$T$43, DW_AT_decl_file("C:/TI_CodeComposer/ccsv6/tools/compiler/ti-cgt-arm_15.12.
     567                            .dwattr $C$DW$T$43, DW_AT_decl_line(0x3c)
     568                            .dwattr $C$DW$T$43, DW_AT_decl_column(0x17)
     569                    
     570                    $C$DW$T$44      .dwtag  DW_TAG_typedef
     571                            .dwattr $C$DW$T$44, DW_AT_name("intptr_t")
     572                            .dwattr $C$DW$T$44, DW_AT_type(*$C$DW$T$10)
     573                            .dwattr $C$DW$T$44, DW_AT_language(DW_LANG_C)
     574                            .dwattr $C$DW$T$44, DW_AT_decl_file("C:/TI_CodeComposer/ccsv6/tools/compiler/ti-cgt-arm_15.12.
     575                            .dwattr $C$DW$T$44, DW_AT_decl_line(0x52)
     576                            .dwattr $C$DW$T$44, DW_AT_decl_column(0x1a)
     577                    
     578                    $C$DW$T$45      .dwtag  DW_TAG_typedef
     579                            .dwattr $C$DW$T$45, DW_AT_name("ptrdiff_t")
     580                            .dwattr $C$DW$T$45, DW_AT_type(*$C$DW$T$10)
     581                            .dwattr $C$DW$T$45, DW_AT_language(DW_LANG_C)
     582                            .dwattr $C$DW$T$45, DW_AT_decl_file("C:/TI_CodeComposer/ccsv6/tools/compiler/ti-cgt-arm_15.12.
     583                            .dwattr $C$DW$T$45, DW_AT_decl_line(0x36)
     584                            .dwattr $C$DW$T$45, DW_AT_decl_column(0x1c)
     585                    
     586                    $C$DW$T$11      .dwtag  DW_TAG_base_type
     587                            .dwattr $C$DW$T$11, DW_AT_encoding(DW_ATE_unsigned)
     588                            .dwattr $C$DW$T$11, DW_AT_name("unsigned int")
     589                            .dwattr $C$DW$T$11, DW_AT_byte_size(0x04)
     590                    
     591                    $C$DW$T$46      .dwtag  DW_TAG_typedef
     592                            .dwattr $C$DW$T$46, DW_AT_name("size_t")
     593                            .dwattr $C$DW$T$46, DW_AT_type(*$C$DW$T$11)
     594                            .dwattr $C$DW$T$46, DW_AT_language(DW_LANG_C)
     595                            .dwattr $C$DW$T$46, DW_AT_decl_file("C:/TI_CodeComposer/ccsv6/tools/compiler/ti-cgt-arm_15.12.
     596                            .dwattr $C$DW$T$46, DW_AT_decl_line(0x3a)
     597                            .dwattr $C$DW$T$46, DW_AT_decl_column(0x19)
TI ARM Assembler PC v15.12.1 Tue Oct 10 14:36:28 2017

Tools Copyright (c) 1996-2015 Texas Instruments Incorporated
Task_Speakerbuzz.asm                                                 PAGE   12

     598                    
     599                    $C$DW$T$47      .dwtag  DW_TAG_typedef
     600                            .dwattr $C$DW$T$47, DW_AT_name("uint32_t")
     601                            .dwattr $C$DW$T$47, DW_AT_type(*$C$DW$T$11)
     602                            .dwattr $C$DW$T$47, DW_AT_language(DW_LANG_C)
     603                            .dwattr $C$DW$T$47, DW_AT_decl_file("C:/TI_CodeComposer/ccsv6/tools/compiler/ti-cgt-arm_15.12.
     604                            .dwattr $C$DW$T$47, DW_AT_decl_line(0x2f)
     605                            .dwattr $C$DW$T$47, DW_AT_decl_column(0x1c)
     606                    
     607                    $C$DW$T$48      .dwtag  DW_TAG_typedef
     608                            .dwattr $C$DW$T$48, DW_AT_name("uint_fast16_t")
     609                            .dwattr $C$DW$T$48, DW_AT_type(*$C$DW$T$47)
     610                            .dwattr $C$DW$T$48, DW_AT_language(DW_LANG_C)
     611                            .dwattr $C$DW$T$48, DW_AT_decl_file("C:/TI_CodeComposer/ccsv6/tools/compiler/ti-cgt-arm_15.12.
     612                            .dwattr $C$DW$T$48, DW_AT_decl_line(0x48)
     613                            .dwattr $C$DW$T$48, DW_AT_decl_column(0x16)
     614                    
     615                    $C$DW$T$49      .dwtag  DW_TAG_typedef
     616                            .dwattr $C$DW$T$49, DW_AT_name("uint_fast32_t")
     617                            .dwattr $C$DW$T$49, DW_AT_type(*$C$DW$T$47)
     618                            .dwattr $C$DW$T$49, DW_AT_language(DW_LANG_C)
     619                            .dwattr $C$DW$T$49, DW_AT_decl_file("C:/TI_CodeComposer/ccsv6/tools/compiler/ti-cgt-arm_15.12.
     620                            .dwattr $C$DW$T$49, DW_AT_decl_line(0x4b)
     621                            .dwattr $C$DW$T$49, DW_AT_decl_column(0x16)
     622                    
     623                    $C$DW$T$50      .dwtag  DW_TAG_typedef
     624                            .dwattr $C$DW$T$50, DW_AT_name("uint_fast8_t")
     625                            .dwattr $C$DW$T$50, DW_AT_type(*$C$DW$T$47)
     626                            .dwattr $C$DW$T$50, DW_AT_language(DW_LANG_C)
     627                            .dwattr $C$DW$T$50, DW_AT_decl_file("C:/TI_CodeComposer/ccsv6/tools/compiler/ti-cgt-arm_15.12.
     628                            .dwattr $C$DW$T$50, DW_AT_decl_line(0x46)
     629                            .dwattr $C$DW$T$50, DW_AT_decl_column(0x16)
     630                    
     631                    $C$DW$T$51      .dwtag  DW_TAG_typedef
     632                            .dwattr $C$DW$T$51, DW_AT_name("uint_least32_t")
     633                            .dwattr $C$DW$T$51, DW_AT_type(*$C$DW$T$47)
     634                            .dwattr $C$DW$T$51, DW_AT_language(DW_LANG_C)
     635                            .dwattr $C$DW$T$51, DW_AT_decl_file("C:/TI_CodeComposer/ccsv6/tools/compiler/ti-cgt-arm_15.12.
     636                            .dwattr $C$DW$T$51, DW_AT_decl_line(0x3d)
     637                            .dwattr $C$DW$T$51, DW_AT_decl_column(0x16)
     638                    
     639                    $C$DW$T$52      .dwtag  DW_TAG_typedef
     640                            .dwattr $C$DW$T$52, DW_AT_name("uintptr_t")
     641                            .dwattr $C$DW$T$52, DW_AT_type(*$C$DW$T$11)
     642                            .dwattr $C$DW$T$52, DW_AT_language(DW_LANG_C)
     643                            .dwattr $C$DW$T$52, DW_AT_decl_file("C:/TI_CodeComposer/ccsv6/tools/compiler/ti-cgt-arm_15.12.
     644                            .dwattr $C$DW$T$52, DW_AT_decl_line(0x53)
     645                            .dwattr $C$DW$T$52, DW_AT_decl_column(0x1a)
     646                    
     647                    $C$DW$T$12      .dwtag  DW_TAG_base_type
     648                            .dwattr $C$DW$T$12, DW_AT_encoding(DW_ATE_signed)
     649                            .dwattr $C$DW$T$12, DW_AT_name("long")
     650                            .dwattr $C$DW$T$12, DW_AT_byte_size(0x04)
     651                    
     652                    $C$DW$T$13      .dwtag  DW_TAG_base_type
TI ARM Assembler PC v15.12.1 Tue Oct 10 14:36:28 2017

Tools Copyright (c) 1996-2015 Texas Instruments Incorporated
Task_Speakerbuzz.asm                                                 PAGE   13

     653                            .dwattr $C$DW$T$13, DW_AT_encoding(DW_ATE_unsigned)
     654                            .dwattr $C$DW$T$13, DW_AT_name("unsigned long")
     655                            .dwattr $C$DW$T$13, DW_AT_byte_size(0x04)
     656                    
     657                    $C$DW$T$14      .dwtag  DW_TAG_base_type
     658                            .dwattr $C$DW$T$14, DW_AT_encoding(DW_ATE_signed)
     659                            .dwattr $C$DW$T$14, DW_AT_name("long long")
     660                            .dwattr $C$DW$T$14, DW_AT_byte_size(0x08)
     661                    
     662                    $C$DW$T$55      .dwtag  DW_TAG_typedef
     663                            .dwattr $C$DW$T$55, DW_AT_name("int64_t")
     664                            .dwattr $C$DW$T$55, DW_AT_type(*$C$DW$T$14)
     665                            .dwattr $C$DW$T$55, DW_AT_language(DW_LANG_C)
     666                            .dwattr $C$DW$T$55, DW_AT_decl_file("C:/TI_CodeComposer/ccsv6/tools/compiler/ti-cgt-arm_15.12.
     667                            .dwattr $C$DW$T$55, DW_AT_decl_line(0x32)
     668                            .dwattr $C$DW$T$55, DW_AT_decl_column(0x21)
     669                    
     670                    $C$DW$T$56      .dwtag  DW_TAG_typedef
     671                            .dwattr $C$DW$T$56, DW_AT_name("int_fast64_t")
     672                            .dwattr $C$DW$T$56, DW_AT_type(*$C$DW$T$55)
     673                            .dwattr $C$DW$T$56, DW_AT_language(DW_LANG_C)
     674                            .dwattr $C$DW$T$56, DW_AT_decl_file("C:/TI_CodeComposer/ccsv6/tools/compiler/ti-cgt-arm_15.12.
     675                            .dwattr $C$DW$T$56, DW_AT_decl_line(0x4e)
     676                            .dwattr $C$DW$T$56, DW_AT_decl_column(0x17)
     677                    
     678                    $C$DW$T$57      .dwtag  DW_TAG_typedef
     679                            .dwattr $C$DW$T$57, DW_AT_name("int_least64_t")
     680                            .dwattr $C$DW$T$57, DW_AT_type(*$C$DW$T$55)
     681                            .dwattr $C$DW$T$57, DW_AT_language(DW_LANG_C)
     682                            .dwattr $C$DW$T$57, DW_AT_decl_file("C:/TI_CodeComposer/ccsv6/tools/compiler/ti-cgt-arm_15.12.
     683                            .dwattr $C$DW$T$57, DW_AT_decl_line(0x40)
     684                            .dwattr $C$DW$T$57, DW_AT_decl_column(0x17)
     685                    
     686                    $C$DW$T$58      .dwtag  DW_TAG_typedef
     687                            .dwattr $C$DW$T$58, DW_AT_name("intmax_t")
     688                            .dwattr $C$DW$T$58, DW_AT_type(*$C$DW$T$14)
     689                            .dwattr $C$DW$T$58, DW_AT_language(DW_LANG_C)
     690                            .dwattr $C$DW$T$58, DW_AT_decl_file("C:/TI_CodeComposer/ccsv6/tools/compiler/ti-cgt-arm_15.12.
     691                            .dwattr $C$DW$T$58, DW_AT_decl_line(0x56)
     692                            .dwattr $C$DW$T$58, DW_AT_decl_column(0x20)
     693                    
     694                    $C$DW$T$15      .dwtag  DW_TAG_base_type
     695                            .dwattr $C$DW$T$15, DW_AT_encoding(DW_ATE_unsigned)
     696                            .dwattr $C$DW$T$15, DW_AT_name("unsigned long long")
     697                            .dwattr $C$DW$T$15, DW_AT_byte_size(0x08)
     698                    
     699                    $C$DW$T$59      .dwtag  DW_TAG_typedef
     700                            .dwattr $C$DW$T$59, DW_AT_name("uint64_t")
     701                            .dwattr $C$DW$T$59, DW_AT_type(*$C$DW$T$15)
     702                            .dwattr $C$DW$T$59, DW_AT_language(DW_LANG_C)
     703                            .dwattr $C$DW$T$59, DW_AT_decl_file("C:/TI_CodeComposer/ccsv6/tools/compiler/ti-cgt-arm_15.12.
     704                            .dwattr $C$DW$T$59, DW_AT_decl_line(0x33)
     705                            .dwattr $C$DW$T$59, DW_AT_decl_column(0x20)
     706                    
     707                    $C$DW$T$60      .dwtag  DW_TAG_typedef
TI ARM Assembler PC v15.12.1 Tue Oct 10 14:36:28 2017

Tools Copyright (c) 1996-2015 Texas Instruments Incorporated
Task_Speakerbuzz.asm                                                 PAGE   14

     708                            .dwattr $C$DW$T$60, DW_AT_name("uint_fast64_t")
     709                            .dwattr $C$DW$T$60, DW_AT_type(*$C$DW$T$59)
     710                            .dwattr $C$DW$T$60, DW_AT_language(DW_LANG_C)
     711                            .dwattr $C$DW$T$60, DW_AT_decl_file("C:/TI_CodeComposer/ccsv6/tools/compiler/ti-cgt-arm_15.12.
     712                            .dwattr $C$DW$T$60, DW_AT_decl_line(0x4f)
     713                            .dwattr $C$DW$T$60, DW_AT_decl_column(0x16)
     714                    
     715                    $C$DW$T$61      .dwtag  DW_TAG_typedef
     716                            .dwattr $C$DW$T$61, DW_AT_name("uint_least64_t")
     717                            .dwattr $C$DW$T$61, DW_AT_type(*$C$DW$T$59)
     718                            .dwattr $C$DW$T$61, DW_AT_language(DW_LANG_C)
     719                            .dwattr $C$DW$T$61, DW_AT_decl_file("C:/TI_CodeComposer/ccsv6/tools/compiler/ti-cgt-arm_15.12.
     720                            .dwattr $C$DW$T$61, DW_AT_decl_line(0x41)
     721                            .dwattr $C$DW$T$61, DW_AT_decl_column(0x16)
     722                    
     723                    $C$DW$T$62      .dwtag  DW_TAG_typedef
     724                            .dwattr $C$DW$T$62, DW_AT_name("uintmax_t")
     725                            .dwattr $C$DW$T$62, DW_AT_type(*$C$DW$T$15)
     726                            .dwattr $C$DW$T$62, DW_AT_language(DW_LANG_C)
     727                            .dwattr $C$DW$T$62, DW_AT_decl_file("C:/TI_CodeComposer/ccsv6/tools/compiler/ti-cgt-arm_15.12.
     728                            .dwattr $C$DW$T$62, DW_AT_decl_line(0x57)
     729                            .dwattr $C$DW$T$62, DW_AT_decl_column(0x20)
     730                    
     731                    $C$DW$T$16      .dwtag  DW_TAG_base_type
     732                            .dwattr $C$DW$T$16, DW_AT_encoding(DW_ATE_float)
     733                            .dwattr $C$DW$T$16, DW_AT_name("float")
     734                            .dwattr $C$DW$T$16, DW_AT_byte_size(0x04)
     735                    
     736                    $C$DW$T$17      .dwtag  DW_TAG_base_type
     737                            .dwattr $C$DW$T$17, DW_AT_encoding(DW_ATE_float)
     738                            .dwattr $C$DW$T$17, DW_AT_name("double")
     739                            .dwattr $C$DW$T$17, DW_AT_byte_size(0x08)
     740                    
     741                    $C$DW$T$18      .dwtag  DW_TAG_base_type
     742                            .dwattr $C$DW$T$18, DW_AT_encoding(DW_ATE_float)
     743                            .dwattr $C$DW$T$18, DW_AT_name("long double")
     744                            .dwattr $C$DW$T$18, DW_AT_byte_size(0x08)
     745                    
     746                    $C$DW$T$63      .dwtag  DW_TAG_base_type
     747                            .dwattr $C$DW$T$63, DW_AT_encoding(DW_ATE_unsigned_char)
     748                            .dwattr $C$DW$T$63, DW_AT_name("unsigned char")
     749                            .dwattr $C$DW$T$63, DW_AT_byte_size(0x01)
     750                    
     751                    
     752                    $C$DW$T$19      .dwtag  DW_TAG_structure_type
     753                            .dwattr $C$DW$T$19, DW_AT_name("__va_list")
     754                            .dwattr $C$DW$T$19, DW_AT_byte_size(0x04)
     755                    $C$DW$33        .dwtag  DW_TAG_member
     756                            .dwattr $C$DW$33, DW_AT_type(*$C$DW$T$3)
     757                            .dwattr $C$DW$33, DW_AT_name("__ap")
     758                            .dwattr $C$DW$33, DW_AT_TI_symbol_name("__ap")
     759                            .dwattr $C$DW$33, DW_AT_data_member_location[DW_OP_plus_uconst 0x0]
     760                            .dwattr $C$DW$33, DW_AT_accessibility(DW_ACCESS_public)
     761                            .dwattr $C$DW$33, DW_AT_decl_file("C:/TI_CodeComposer/ccsv6/tools/compiler/ti-cgt-arm_15.12.1.
     762                            .dwattr $C$DW$33, DW_AT_decl_line(0x38)
TI ARM Assembler PC v15.12.1 Tue Oct 10 14:36:28 2017

Tools Copyright (c) 1996-2015 Texas Instruments Incorporated
Task_Speakerbuzz.asm                                                 PAGE   15

     763                            .dwattr $C$DW$33, DW_AT_decl_column(0x0c)
     764                    
     765                            .dwattr $C$DW$T$19, DW_AT_decl_file("C:/TI_CodeComposer/ccsv6/tools/compiler/ti-cgt-arm_15.12.
     766                            .dwattr $C$DW$T$19, DW_AT_decl_line(0x37)
     767                            .dwattr $C$DW$T$19, DW_AT_decl_column(0x10)
     768                            .dwendtag $C$DW$T$19
     769                    
     770                    $C$DW$T$64      .dwtag  DW_TAG_typedef
     771                            .dwattr $C$DW$T$64, DW_AT_name("va_list")
     772                            .dwattr $C$DW$T$64, DW_AT_type(*$C$DW$T$19)
     773                            .dwattr $C$DW$T$64, DW_AT_language(DW_LANG_C)
     774                            .dwattr $C$DW$T$64, DW_AT_decl_file("C:/TI_CodeComposer/ccsv6/tools/compiler/ti-cgt-arm_15.12.
     775                            .dwattr $C$DW$T$64, DW_AT_decl_line(0x39)
     776                            .dwattr $C$DW$T$64, DW_AT_decl_column(0x03)
     777                    
     778                            .dwattr $C$DW$CU, DW_AT_language(DW_LANG_C)
     779                    
     780                    ;***************************************************************
     781                    ;* DWARF CIE ENTRIES                                           *
     782                    ;***************************************************************
     783                    
     784                    $C$DW$CIE       .dwcie 14
     785                            .dwcfi  cfa_register, 13
     786                            .dwcfi  cfa_offset, 0
     787                            .dwcfi  undefined, 0
     788                            .dwcfi  undefined, 1
     789                            .dwcfi  undefined, 2
     790                            .dwcfi  undefined, 3
     791                            .dwcfi  same_value, 4
     792                            .dwcfi  same_value, 5
     793                            .dwcfi  same_value, 6
     794                            .dwcfi  same_value, 7
     795                            .dwcfi  same_value, 8
     796                            .dwcfi  same_value, 9
     797                            .dwcfi  same_value, 10
     798                            .dwcfi  same_value, 11
     799                            .dwcfi  undefined, 12
     800                            .dwcfi  undefined, 13
     801                            .dwcfi  undefined, 14
     802                            .dwcfi  undefined, 14
     803                            .dwcfi  undefined, 7
     804                            .dwendentry
     805                            .dwendtag $C$DW$CU
     806                    

--------------------------
Thumb2 Statistics
--------------------------
Number of Thumb2 ins converted to Thumb = 0 (0%)
Number of Thumb ins in input = 56 (84%)
Number of Thumb2 ins encoded as Thumb2 = 10 (100%)
Number of Thumb2 ins converted to 2 OPND Thumb = 18


No Assembly Errors, No Assembly Warnings
