
*** Running vivado
    with args -log toplevel.vds -m64 -mode batch -messageDb vivado.pb -notrace -source toplevel.tcl


****** Vivado v2016.2 (64-bit)
  **** SW Build 1577090 on Thu Jun  2 16:32:40 MDT 2016
  **** IP Build 1577682 on Fri Jun  3 12:00:54 MDT 2016
    ** Copyright 1986-2016 Xilinx, Inc. All Rights Reserved.

source toplevel.tcl -notrace
Command: synth_design -top toplevel -part xc7a35tcpg236-1
Starting synth_design
Attempting to get a license for feature 'Synthesis' and/or device 'xc7a35t'
INFO: [Common 17-349] Got license for feature 'Synthesis' and/or device 'xc7a35t'
INFO: Launching helper process for spawning children vivado processes
INFO: Helper process launched with PID 720 
---------------------------------------------------------------------------------
Starting RTL Elaboration : Time (s): cpu = 00:00:04 ; elapsed = 00:00:06 . Memory (MB): peak = 296.582 ; gain = 87.820
---------------------------------------------------------------------------------
INFO: [Synth 8-638] synthesizing module 'toplevel' [H:/EECS140_Lab/Lab10/scrollingDisplay/scrollingDisplay.srcs/sources_1/new/toplevel.vhd:47]
INFO: [Synth 8-3491] module 'clock_divider' declared at 'H:/EECS140_Lab/Lab10/scrollingDisplay/scrollingDisplay.srcs/sources_1/new/clock_divider.vhd:36' bound to instance 'clock_divider0' of component 'clock_divider' [H:/EECS140_Lab/Lab10/scrollingDisplay/scrollingDisplay.srcs/sources_1/new/toplevel.vhd:83]
INFO: [Synth 8-638] synthesizing module 'clock_divider' [H:/EECS140_Lab/Lab10/scrollingDisplay/scrollingDisplay.srcs/sources_1/new/clock_divider.vhd:41]
INFO: [Synth 8-256] done synthesizing module 'clock_divider' (1#1) [H:/EECS140_Lab/Lab10/scrollingDisplay/scrollingDisplay.srcs/sources_1/new/clock_divider.vhd:41]
INFO: [Synth 8-3491] module 'Counter' declared at 'H:/EECS140_Lab/Lab10/scrollingDisplay/scrollingDisplay.srcs/sources_1/new/Counter.vhd:36' bound to instance 'Counter0' of component 'Counter' [H:/EECS140_Lab/Lab10/scrollingDisplay/scrollingDisplay.srcs/sources_1/new/toplevel.vhd:84]
INFO: [Synth 8-638] synthesizing module 'Counter' [H:/EECS140_Lab/Lab10/scrollingDisplay/scrollingDisplay.srcs/sources_1/new/Counter.vhd:45]
INFO: [Synth 8-256] done synthesizing module 'Counter' (2#1) [H:/EECS140_Lab/Lab10/scrollingDisplay/scrollingDisplay.srcs/sources_1/new/Counter.vhd:45]
INFO: [Synth 8-3491] module 'display_driver' declared at 'H:/EECS140_Lab/Lab10/Display_driver.vhd:30' bound to instance 'display_driver0' of component 'display_driver' [H:/EECS140_Lab/Lab10/scrollingDisplay/scrollingDisplay.srcs/sources_1/new/toplevel.vhd:91]
INFO: [Synth 8-638] synthesizing module 'display_driver' [H:/EECS140_Lab/Lab10/Display_driver.vhd:35]
INFO: [Synth 8-256] done synthesizing module 'display_driver' (3#1) [H:/EECS140_Lab/Lab10/Display_driver.vhd:35]
INFO: [Synth 8-3491] module 'display_driver' declared at 'H:/EECS140_Lab/Lab10/Display_driver.vhd:30' bound to instance 'display_driver1' of component 'display_driver' [H:/EECS140_Lab/Lab10/scrollingDisplay/scrollingDisplay.srcs/sources_1/new/toplevel.vhd:97]
INFO: [Synth 8-3491] module 'display_driver' declared at 'H:/EECS140_Lab/Lab10/Display_driver.vhd:30' bound to instance 'display_driver2' of component 'display_driver' [H:/EECS140_Lab/Lab10/scrollingDisplay/scrollingDisplay.srcs/sources_1/new/toplevel.vhd:98]
INFO: [Synth 8-3491] module 'display_driver' declared at 'H:/EECS140_Lab/Lab10/Display_driver.vhd:30' bound to instance 'display_driver3' of component 'display_driver' [H:/EECS140_Lab/Lab10/scrollingDisplay/scrollingDisplay.srcs/sources_1/new/toplevel.vhd:99]
INFO: [Synth 8-3491] module 'LEDdisplay' declared at 'H:/EECS140_Lab/Lab10/LEDdisplay.vhd:67' bound to instance 'LEDdisplay0' of component 'LEDdisplay' [H:/EECS140_Lab/Lab10/scrollingDisplay/scrollingDisplay.srcs/sources_1/new/toplevel.vhd:101]
INFO: [Synth 8-638] synthesizing module 'LEDdisplay' [H:/EECS140_Lab/Lab10/LEDdisplay.vhd:75]
INFO: [Synth 8-3491] module 'Mux4by7' declared at 'H:/EECS140_Lab/Lab10/LEDdisplay.vhd:7' bound to instance 'dispMUX00' of component 'Mux4by7' [H:/EECS140_Lab/Lab10/LEDdisplay.vhd:99]
INFO: [Synth 8-638] synthesizing module 'Mux4by7' [H:/EECS140_Lab/Lab10/LEDdisplay.vhd:21]
INFO: [Synth 8-113] binding component instance 'dispMUX00' to cell 'MUXF5' [H:/EECS140_Lab/Lab10/LEDdisplay.vhd:26]
INFO: [Synth 8-113] binding component instance 'dispMUX01' to cell 'MUXF5' [H:/EECS140_Lab/Lab10/LEDdisplay.vhd:27]
INFO: [Synth 8-113] binding component instance 'dispMUX02' to cell 'MUXF6' [H:/EECS140_Lab/Lab10/LEDdisplay.vhd:28]
INFO: [Synth 8-113] binding component instance 'dispMUX10' to cell 'MUXF5' [H:/EECS140_Lab/Lab10/LEDdisplay.vhd:30]
INFO: [Synth 8-113] binding component instance 'dispMUX11' to cell 'MUXF5' [H:/EECS140_Lab/Lab10/LEDdisplay.vhd:31]
INFO: [Synth 8-113] binding component instance 'dispMUX12' to cell 'MUXF6' [H:/EECS140_Lab/Lab10/LEDdisplay.vhd:32]
INFO: [Synth 8-113] binding component instance 'dispMUX20' to cell 'MUXF5' [H:/EECS140_Lab/Lab10/LEDdisplay.vhd:34]
INFO: [Synth 8-113] binding component instance 'dispMUX21' to cell 'MUXF5' [H:/EECS140_Lab/Lab10/LEDdisplay.vhd:35]
INFO: [Synth 8-113] binding component instance 'dispMUX22' to cell 'MUXF6' [H:/EECS140_Lab/Lab10/LEDdisplay.vhd:36]
INFO: [Synth 8-113] binding component instance 'dispMUX30' to cell 'MUXF5' [H:/EECS140_Lab/Lab10/LEDdisplay.vhd:38]
INFO: [Synth 8-113] binding component instance 'dispMUX31' to cell 'MUXF5' [H:/EECS140_Lab/Lab10/LEDdisplay.vhd:39]
INFO: [Synth 8-113] binding component instance 'dispMUX32' to cell 'MUXF6' [H:/EECS140_Lab/Lab10/LEDdisplay.vhd:40]
INFO: [Synth 8-113] binding component instance 'dispMUX40' to cell 'MUXF5' [H:/EECS140_Lab/Lab10/LEDdisplay.vhd:42]
INFO: [Synth 8-113] binding component instance 'dispMUX41' to cell 'MUXF5' [H:/EECS140_Lab/Lab10/LEDdisplay.vhd:43]
INFO: [Synth 8-113] binding component instance 'dispMUX42' to cell 'MUXF6' [H:/EECS140_Lab/Lab10/LEDdisplay.vhd:44]
INFO: [Synth 8-113] binding component instance 'dispMUX50' to cell 'MUXF5' [H:/EECS140_Lab/Lab10/LEDdisplay.vhd:46]
INFO: [Synth 8-113] binding component instance 'dispMUX51' to cell 'MUXF5' [H:/EECS140_Lab/Lab10/LEDdisplay.vhd:47]
INFO: [Synth 8-113] binding component instance 'dispMUX52' to cell 'MUXF6' [H:/EECS140_Lab/Lab10/LEDdisplay.vhd:48]
INFO: [Synth 8-113] binding component instance 'dispMUX60' to cell 'MUXF5' [H:/EECS140_Lab/Lab10/LEDdisplay.vhd:50]
INFO: [Synth 8-113] binding component instance 'dispMUX61' to cell 'MUXF5' [H:/EECS140_Lab/Lab10/LEDdisplay.vhd:51]
INFO: [Synth 8-113] binding component instance 'dispMUX62' to cell 'MUXF6' [H:/EECS140_Lab/Lab10/LEDdisplay.vhd:52]
INFO: [Synth 8-256] done synthesizing module 'Mux4by7' (4#1) [H:/EECS140_Lab/Lab10/LEDdisplay.vhd:21]
INFO: [Synth 8-256] done synthesizing module 'LEDdisplay' (5#1) [H:/EECS140_Lab/Lab10/LEDdisplay.vhd:75]
INFO: [Synth 8-256] done synthesizing module 'toplevel' (6#1) [H:/EECS140_Lab/Lab10/scrollingDisplay/scrollingDisplay.srcs/sources_1/new/toplevel.vhd:47]
---------------------------------------------------------------------------------
Finished RTL Elaboration : Time (s): cpu = 00:00:04 ; elapsed = 00:00:08 . Memory (MB): peak = 334.020 ; gain = 125.258
---------------------------------------------------------------------------------

Report Check Netlist: 
+------+------------------+-------+---------+-------+------------------+
|      |Item              |Errors |Warnings |Status |Description       |
+------+------------------+-------+---------+-------+------------------+
|1     |multi_driven_nets |      0|        0|Passed |Multi driven nets |
+------+------------------+-------+---------+-------+------------------+
---------------------------------------------------------------------------------
Finished RTL Optimization Phase 1 : Time (s): cpu = 00:00:04 ; elapsed = 00:00:08 . Memory (MB): peak = 334.020 ; gain = 125.258
---------------------------------------------------------------------------------
INFO: [Netlist 29-17] Analyzing 21 Unisim elements for replacement
INFO: [Netlist 29-28] Unisim Transformation completed in 0 CPU seconds
INFO: [Device 21-403] Loading part xc7a35tcpg236-1
INFO: [Project 1-570] Preparing netlist for logic optimization

Processing XDC Constraints
Initializing timing engine
Parsing XDC File [H:/EECS140_Lab/Lab10/scrollingDisplay/scrollingDisplay.srcs/constrs_1/new/gate_scolling.xdc]
Finished Parsing XDC File [H:/EECS140_Lab/Lab10/scrollingDisplay/scrollingDisplay.srcs/constrs_1/new/gate_scolling.xdc]
INFO: [Project 1-236] Implementation specific constraints were found while reading constraint file [H:/EECS140_Lab/Lab10/scrollingDisplay/scrollingDisplay.srcs/constrs_1/new/gate_scolling.xdc]. These constraints will be ignored for synthesis but will be used in implementation. Impacted constraints are listed in the file [.Xil/toplevel_propImpl.xdc].
Resolution: To avoid this warning, move constraints listed in [.Xil/toplevel_propImpl.xdc] to another XDC file and exclude this new file from synthesis with the used_in_synthesis property (File Properties dialog in GUI) and re-run elaboration/synthesis.
Completed Processing XDC Constraints

INFO: [Project 1-111] Unisim Transformation Summary:
  A total of 21 instances were transformed.
  MUXF5 => LUT3: 14 instances
  MUXF6 => LUT3: 7 instances

Constraint Validation Runtime : Time (s): cpu = 00:00:00 ; elapsed = 00:00:00.016 . Memory (MB): peak = 619.969 ; gain = 0.000
---------------------------------------------------------------------------------
Finished Constraint Validation : Time (s): cpu = 00:00:11 ; elapsed = 00:00:39 . Memory (MB): peak = 619.969 ; gain = 411.207
---------------------------------------------------------------------------------
---------------------------------------------------------------------------------
Start Loading Part and Timing Information
---------------------------------------------------------------------------------
Loading part: xc7a35tcpg236-1
---------------------------------------------------------------------------------
Finished Loading Part and Timing Information : Time (s): cpu = 00:00:11 ; elapsed = 00:00:39 . Memory (MB): peak = 619.969 ; gain = 411.207
---------------------------------------------------------------------------------
---------------------------------------------------------------------------------
Start Applying 'set_property' XDC Constraints
---------------------------------------------------------------------------------
---------------------------------------------------------------------------------
Finished applying 'set_property' XDC Constraints : Time (s): cpu = 00:00:11 ; elapsed = 00:00:39 . Memory (MB): peak = 619.969 ; gain = 411.207
---------------------------------------------------------------------------------
INFO: [Synth 8-802] inferred FSM for state register 'cur_state_reg' in module 'LEDdisplay'
WARNING: [Synth 8-327] inferring latch for variable 'an_reg' [H:/EECS140_Lab/Lab10/LEDdisplay.vhd:111]
---------------------------------------------------------------------------------------------------
                   State |                     New Encoding |                Previous Encoding 
---------------------------------------------------------------------------------------------------
                  iSTATE |                               00 |                               00
                 iSTATE0 |                               01 |                               01
                 iSTATE1 |                               10 |                               10
                 iSTATE2 |                               11 |                               11
*
---------------------------------------------------------------------------------------------------
INFO: [Synth 8-3354] encoded FSM with state register 'cur_state_reg' using encoding 'sequential' in module 'LEDdisplay'
WARNING: [Synth 8-327] inferring latch for variable 'control_reg' [H:/EECS140_Lab/Lab10/LEDdisplay.vhd:99]
---------------------------------------------------------------------------------
Finished RTL Optimization Phase 2 : Time (s): cpu = 00:00:11 ; elapsed = 00:00:39 . Memory (MB): peak = 619.969 ; gain = 411.207
---------------------------------------------------------------------------------

Report RTL Partitions: 
+-+--------------+------------+----------+
| |RTL Partition |Replication |Instances |
+-+--------------+------------+----------+
+-+--------------+------------+----------+
---------------------------------------------------------------------------------
Start RTL Component Statistics 
---------------------------------------------------------------------------------
Detailed RTL Component Info : 
+---Adders : 
	   2 Input      4 Bit       Adders := 4     
+---Registers : 
	                4 Bit    Registers := 1     
+---Muxes : 
	  16 Input      7 Bit        Muxes := 4     
	   2 Input      4 Bit        Muxes := 1     
	   4 Input      4 Bit        Muxes := 1     
	   4 Input      2 Bit        Muxes := 1     
	   2 Input      1 Bit        Muxes := 1     
---------------------------------------------------------------------------------
Finished RTL Component Statistics 
---------------------------------------------------------------------------------
---------------------------------------------------------------------------------
Start RTL Hierarchical Component Statistics 
---------------------------------------------------------------------------------
Hierarchical RTL Component report 
Module toplevel 
Detailed RTL Component Info : 
+---Adders : 
	   2 Input      4 Bit       Adders := 3     
Module Counter 
Detailed RTL Component Info : 
+---Adders : 
	   2 Input      4 Bit       Adders := 1     
+---Registers : 
	                4 Bit    Registers := 1     
+---Muxes : 
	   2 Input      4 Bit        Muxes := 1     
	   2 Input      1 Bit        Muxes := 1     
Module display_driver 
Detailed RTL Component Info : 
+---Muxes : 
	  16 Input      7 Bit        Muxes := 1     
Module LEDdisplay 
Detailed RTL Component Info : 
+---Muxes : 
	   4 Input      4 Bit        Muxes := 1     
	   4 Input      2 Bit        Muxes := 1     
---------------------------------------------------------------------------------
Finished RTL Hierarchical Component Statistics
---------------------------------------------------------------------------------
---------------------------------------------------------------------------------
Start Part Resource Summary
---------------------------------------------------------------------------------
Part Resources:
DSPs: 90 (col length:60)
BRAMs: 100 (col length: RAMB18 60 RAMB36 30)
---------------------------------------------------------------------------------
Finished Part Resource Summary
---------------------------------------------------------------------------------
Start Parallel Synthesis Optimization  : Time (s): cpu = 00:00:11 ; elapsed = 00:00:40 . Memory (MB): peak = 619.969 ; gain = 411.207
---------------------------------------------------------------------------------
Start Cross Boundary Optimization
---------------------------------------------------------------------------------
---------------------------------------------------------------------------------
Finished Cross Boundary Optimization : Time (s): cpu = 00:00:11 ; elapsed = 00:00:40 . Memory (MB): peak = 619.969 ; gain = 411.207
---------------------------------------------------------------------------------
Finished Parallel Reinference  : Time (s): cpu = 00:00:11 ; elapsed = 00:00:40 . Memory (MB): peak = 619.969 ; gain = 411.207

Report RTL Partitions: 
+-+--------------+------------+----------+
| |RTL Partition |Replication |Instances |
+-+--------------+------------+----------+
+-+--------------+------------+----------+
---------------------------------------------------------------------------------
Start Area Optimization
---------------------------------------------------------------------------------
WARNING: [Synth 8-3332] Sequential element (LEDdisplay0/an_reg[3]) is unused and will be removed from module toplevel.
WARNING: [Synth 8-3332] Sequential element (LEDdisplay0/an_reg[2]) is unused and will be removed from module toplevel.
WARNING: [Synth 8-3332] Sequential element (LEDdisplay0/an_reg[1]) is unused and will be removed from module toplevel.
WARNING: [Synth 8-3332] Sequential element (LEDdisplay0/an_reg[0]) is unused and will be removed from module toplevel.
WARNING: [Synth 8-3332] Sequential element (LEDdisplay0/control_reg[1]) is unused and will be removed from module toplevel.
WARNING: [Synth 8-3332] Sequential element (LEDdisplay0/control_reg[0]) is unused and will be removed from module toplevel.
WARNING: [Synth 8-3332] Sequential element (clock_divider0/count_reg[25]) is unused and will be removed from module toplevel.
WARNING: [Synth 8-3332] Sequential element (clock_divider0/count_reg[26]) is unused and will be removed from module toplevel.
WARNING: [Synth 8-3332] Sequential element (LEDdisplay0/Counter_Signal_reg[15]) is unused and will be removed from module toplevel.
---------------------------------------------------------------------------------
Finished Area Optimization : Time (s): cpu = 00:00:11 ; elapsed = 00:00:40 . Memory (MB): peak = 619.969 ; gain = 411.207
---------------------------------------------------------------------------------
Finished Parallel Area Optimization  : Time (s): cpu = 00:00:11 ; elapsed = 00:00:40 . Memory (MB): peak = 619.969 ; gain = 411.207

Report RTL Partitions: 
+-+--------------+------------+----------+
| |RTL Partition |Replication |Instances |
+-+--------------+------------+----------+
+-+--------------+------------+----------+
---------------------------------------------------------------------------------
Start Timing Optimization
---------------------------------------------------------------------------------
---------------------------------------------------------------------------------
Start Applying XDC Timing Constraints
---------------------------------------------------------------------------------
---------------------------------------------------------------------------------
Finished Applying XDC Timing Constraints : Time (s): cpu = 00:00:19 ; elapsed = 00:00:48 . Memory (MB): peak = 619.969 ; gain = 411.207
---------------------------------------------------------------------------------
---------------------------------------------------------------------------------
Finished Timing Optimization : Time (s): cpu = 00:00:19 ; elapsed = 00:00:48 . Memory (MB): peak = 619.969 ; gain = 411.207
---------------------------------------------------------------------------------

Report RTL Partitions: 
+-+--------------+------------+----------+
| |RTL Partition |Replication |Instances |
+-+--------------+------------+----------+
+-+--------------+------------+----------+
---------------------------------------------------------------------------------
Start Technology Mapping
---------------------------------------------------------------------------------
---------------------------------------------------------------------------------
Finished Technology Mapping : Time (s): cpu = 00:00:19 ; elapsed = 00:00:48 . Memory (MB): peak = 619.969 ; gain = 411.207
---------------------------------------------------------------------------------
Finished Parallel Technology Mapping Optimization  : Time (s): cpu = 00:00:19 ; elapsed = 00:00:48 . Memory (MB): peak = 619.969 ; gain = 411.207

Report RTL Partitions: 
+-+--------------+------------+----------+
| |RTL Partition |Replication |Instances |
+-+--------------+------------+----------+
+-+--------------+------------+----------+
Finished Parallel Synthesis Optimization  : Time (s): cpu = 00:00:19 ; elapsed = 00:00:48 . Memory (MB): peak = 619.969 ; gain = 411.207
---------------------------------------------------------------------------------
Start IO Insertion
---------------------------------------------------------------------------------
---------------------------------------------------------------------------------
Start Flattening Before IO Insertion
---------------------------------------------------------------------------------
---------------------------------------------------------------------------------
Finished Flattening Before IO Insertion
---------------------------------------------------------------------------------
---------------------------------------------------------------------------------
Start Final Netlist Cleanup
---------------------------------------------------------------------------------
---------------------------------------------------------------------------------
Finished Final Netlist Cleanup
---------------------------------------------------------------------------------
---------------------------------------------------------------------------------
Finished IO Insertion : Time (s): cpu = 00:00:19 ; elapsed = 00:00:48 . Memory (MB): peak = 619.969 ; gain = 411.207
---------------------------------------------------------------------------------

Report Check Netlist: 
+------+------------------+-------+---------+-------+------------------+
|      |Item              |Errors |Warnings |Status |Description       |
+------+------------------+-------+---------+-------+------------------+
|1     |multi_driven_nets |      0|        0|Passed |Multi driven nets |
+------+------------------+-------+---------+-------+------------------+
---------------------------------------------------------------------------------
Start Renaming Generated Instances
---------------------------------------------------------------------------------
---------------------------------------------------------------------------------
Finished Renaming Generated Instances : Time (s): cpu = 00:00:19 ; elapsed = 00:00:48 . Memory (MB): peak = 619.969 ; gain = 411.207
---------------------------------------------------------------------------------

Report RTL Partitions: 
+-+--------------+------------+----------+
| |RTL Partition |Replication |Instances |
+-+--------------+------------+----------+
+-+--------------+------------+----------+
---------------------------------------------------------------------------------
Start Rebuilding User Hierarchy
---------------------------------------------------------------------------------
---------------------------------------------------------------------------------
Finished Rebuilding User Hierarchy : Time (s): cpu = 00:00:19 ; elapsed = 00:00:48 . Memory (MB): peak = 619.969 ; gain = 411.207
---------------------------------------------------------------------------------
---------------------------------------------------------------------------------
Start Renaming Generated Ports
---------------------------------------------------------------------------------
---------------------------------------------------------------------------------
Finished Renaming Generated Ports : Time (s): cpu = 00:00:19 ; elapsed = 00:00:48 . Memory (MB): peak = 619.969 ; gain = 411.207
---------------------------------------------------------------------------------
---------------------------------------------------------------------------------
Start Handling Custom Attributes
---------------------------------------------------------------------------------
---------------------------------------------------------------------------------
Finished Handling Custom Attributes : Time (s): cpu = 00:00:19 ; elapsed = 00:00:48 . Memory (MB): peak = 619.969 ; gain = 411.207
---------------------------------------------------------------------------------
---------------------------------------------------------------------------------
Start Renaming Generated Nets
---------------------------------------------------------------------------------
---------------------------------------------------------------------------------
Finished Renaming Generated Nets : Time (s): cpu = 00:00:19 ; elapsed = 00:00:48 . Memory (MB): peak = 619.969 ; gain = 411.207
---------------------------------------------------------------------------------
---------------------------------------------------------------------------------
Start Writing Synthesis Report
---------------------------------------------------------------------------------

Report BlackBoxes: 
+-+--------------+----------+
| |BlackBox name |Instances |
+-+--------------+----------+
+-+--------------+----------+

Report Cell Usage: 
+------+-------+------+
|      |Cell   |Count |
+------+-------+------+
|1     |BUFG   |     1|
|2     |CARRY4 |    11|
|3     |LUT1   |    42|
|4     |LUT2   |     6|
|5     |LUT3   |     1|
|6     |LUT4   |    29|
|7     |LUT5   |     1|
|8     |LUT6   |     1|
|9     |MUXF5  |    14|
|10    |MUXF6  |     7|
|11    |FDCE   |     4|
|12    |FDRE   |    42|
|13    |IBUF   |     8|
|14    |OBUF   |    11|
+------+-------+------+

Report Instance Areas: 
+------+------------------+-----------------+------+
|      |Instance          |Module           |Cells |
+------+------------------+-----------------+------+
|1     |top               |                 |   178|
|2     |  Counter0        |Counter          |    15|
|3     |  LEDdisplay0     |LEDdisplay       |    63|
|4     |    dispMUX00     |Mux4by7          |    21|
|5     |  clock_divider0  |clock_divider    |    57|
|6     |  display_driver0 |display_driver   |     5|
|7     |  display_driver1 |display_driver_0 |     6|
|8     |  display_driver2 |display_driver_1 |     6|
|9     |  display_driver3 |display_driver_2 |     6|
+------+------------------+-----------------+------+
---------------------------------------------------------------------------------
Finished Writing Synthesis Report : Time (s): cpu = 00:00:19 ; elapsed = 00:00:48 . Memory (MB): peak = 619.969 ; gain = 411.207
---------------------------------------------------------------------------------
Synthesis finished with 0 errors, 0 critical warnings and 11 warnings.
Synthesis Optimization Runtime : Time (s): cpu = 00:00:11 ; elapsed = 00:00:17 . Memory (MB): peak = 619.969 ; gain = 114.582
Synthesis Optimization Complete : Time (s): cpu = 00:00:19 ; elapsed = 00:00:49 . Memory (MB): peak = 619.969 ; gain = 411.207
INFO: [Project 1-571] Translating synthesized netlist
INFO: [Netlist 29-17] Analyzing 40 Unisim elements for replacement
INFO: [Netlist 29-28] Unisim Transformation completed in 0 CPU seconds
INFO: [Project 1-570] Preparing netlist for logic optimization
INFO: [Opt 31-138] Pushed 0 inverter(s) to 0 load pin(s).
INFO: [Project 1-111] Unisim Transformation Summary:
  A total of 21 instances were transformed.
  MUXF5 => LUT3: 14 instances
  MUXF6 => LUT3: 7 instances

INFO: [Common 17-83] Releasing license: Synthesis
57 Infos, 11 Warnings, 0 Critical Warnings and 0 Errors encountered.
synth_design completed successfully
synth_design: Time (s): cpu = 00:00:19 ; elapsed = 00:00:46 . Memory (MB): peak = 619.969 ; gain = 405.137
report_utilization: Time (s): cpu = 00:00:00 ; elapsed = 00:00:00.015 . Memory (MB): peak = 619.969 ; gain = 0.000
INFO: [Common 17-206] Exiting Vivado at Thu Nov 10 11:12:34 2016...
