#-----------------------------------------------------------
# Vivado v2016.2 (64-bit)
# SW Build 1577090 on Thu Jun  2 16:32:40 MDT 2016
# IP Build 1577682 on Fri Jun  3 12:00:54 MDT 2016
# Start of session at: Thu Nov 17 10:31:09 2016
# Process ID: 7616
# Current directory: H:/EECS140_Lab/lab11/lab11
# Command line: vivado.exe -gui_launcher_event rodinguilauncherevent5412 H:\EECS140_Lab\lab11\lab11\lab11.xpr
# Log file: H:/EECS140_Lab/lab11/lab11/vivado.log
# Journal file: H:/EECS140_Lab/lab11/lab11\vivado.jou
#-----------------------------------------------------------
start_gui
open_project H:/EECS140_Lab/lab11/lab11/lab11.xpr
Scanning sources...
Finished scanning sources
INFO: [IP_Flow 19-234] Refreshing IP repositories
INFO: [IP_Flow 19-1704] No user IP repositories specified
INFO: [IP_Flow 19-2313] Loaded Vivado IP repository 'C:/Xilinx/Vivado/2016.2/data/ip'.
open_project: Time (s): cpu = 00:00:12 ; elapsed = 00:00:12 . Memory (MB): peak = 760.551 ; gain = 111.203
update_compile_order -fileset sources_1
open_hw
connect_hw_server
INFO: [Labtools 27-2285] Connecting to hw_server url TCP:localhost:3121
INFO: [Labtools 27-2222] Launching hw_server...
INFO: [Labtools 27-2221] Launch Output:

****** Xilinx hw_server v2016.2
  **** Build date : Jun  2 2016-16:57:03
    ** Copyright 1986-2016 Xilinx, Inc. All Rights Reserved.


open_hw_target
INFO: [Labtoolstcl 44-466] Opening hw_target localhost:3121/xilinx_tcf/Digilent/210183A281E7A
set_property PROGRAM.FILE {H:/EECS140_Lab/lab11/lab11/lab11.runs/impl_1/DLatch.bit} [lindex [get_hw_devices] 0]
current_hw_device [lindex [get_hw_devices] 0]
refresh_hw_device -update_hw_probes false [lindex [get_hw_devices] 0]
INFO: [Labtools 27-1434] Device xc7a35t (JTAG device index = 0) is programmed with a design that has no supported debug core(s) in it.
WARNING: [Labtools 27-3123] The debug hub core was not detected at User Scan Chain 1 or 3.
Resolution: 
1. Make sure the clock connected to the debug hub (dbg_hub) core is a free running clock and is active OR
2. Manually launch hw_server with -e "set xsdb-user-bscan <C_USER_SCAN_CHAIN scan_chain_number>" to detect the debug hub at User Scan Chain of 2 or 4. To determine the user scan chain setting, open the implemented design and use: get_property C_USER_SCAN_CHAIN [get_debug_cores dbg_hub].
set_property PROBES.FILE {} [lindex [get_hw_devices] 0]
set_property PROGRAM.FILE {H:/EECS140_Lab/lab11/lab11/lab11.runs/impl_1/DLatch.bit} [lindex [get_hw_devices] 0]
program_hw_devices [lindex [get_hw_devices] 0]
INFO: [Labtools 27-3164] End of startup status: HIGH
refresh_hw_device [lindex [get_hw_devices] 0]
INFO: [Labtools 27-1434] Device xc7a35t (JTAG device index = 0) is programmed with a design that has no supported debug core(s) in it.
WARNING: [Labtools 27-3123] The debug hub core was not detected at User Scan Chain 1 or 3.
Resolution: 
1. Make sure the clock connected to the debug hub (dbg_hub) core is a free running clock and is active OR
2. Manually launch hw_server with -e "set xsdb-user-bscan <C_USER_SCAN_CHAIN scan_chain_number>" to detect the debug hub at User Scan Chain of 2 or 4. To determine the user scan chain setting, open the implemented design and use: get_property C_USER_SCAN_CHAIN [get_debug_cores dbg_hub].
ERROR: [Labtoolstcl 44-513] HW Target shutdown. Closing target: localhost:3121/xilinx_tcf/Digilent/210183A281E7A
INFO: [Labtoolstcl 44-466] Opening hw_target localhost:3121/xilinx_tcf/Digilent/210183A281E7A
INFO: [Labtools 27-1434] Device xc7a35t (JTAG device index = 0) is programmed with a design that has no supported debug core(s) in it.
WARNING: [Labtools 27-3123] The debug hub core was not detected at User Scan Chain 1 or 3.
Resolution: 
1. Make sure the clock connected to the debug hub (dbg_hub) core is a free running clock and is active OR
2. Manually launch hw_server with -e "set xsdb-user-bscan <C_USER_SCAN_CHAIN scan_chain_number>" to detect the debug hub at User Scan Chain of 2 or 4. To determine the user scan chain setting, open the implemented design and use: get_property C_USER_SCAN_CHAIN [get_debug_cores dbg_hub].
ERROR: [Labtoolstcl 44-513] HW Target shutdown. Closing target: localhost:3121/xilinx_tcf/Digilent/210183A281E7A
remove_files H:/EECS140_Lab/lab11/lab11/lab11.srcs/sources_1/new/DLatch.vhd
update_compile_order -fileset sources_1
update_compile_order -fileset sim_1
close [ open H:/EECS140_Lab/lab11/lab11/lab11.srcs/sources_1/new/toplevel.vhd w ]
add_files H:/EECS140_Lab/lab11/lab11/lab11.srcs/sources_1/new/toplevel.vhd
update_compile_order -fileset sources_1
reset_run synth_1
reset_run: Time (s): cpu = 00:00:00 ; elapsed = 00:00:05 . Memory (MB): peak = 921.168 ; gain = 0.000
launch_runs synth_1
INFO: [HDL 9-1061] Parsing VHDL file "H:/EECS140_Lab/lab11/lab11/lab11.srcs/sources_1/new/toplevel.vhd" into library xil_defaultlib [H:/EECS140_Lab/lab11/lab11/lab11.srcs/sources_1/new/toplevel.vhd:1]
[Thu Nov 17 10:35:21 2016] Launched synth_1...
Run output will be captured here: H:/EECS140_Lab/lab11/lab11/lab11.runs/synth_1/runme.log
launch_runs impl_1
[Thu Nov 17 10:36:22 2016] Launched impl_1...
Run output will be captured here: H:/EECS140_Lab/lab11/lab11/lab11.runs/impl_1/runme.log
launch_runs impl_1 -to_step write_bitstream
[Thu Nov 17 10:38:09 2016] Launched impl_1...
Run output will be captured here: H:/EECS140_Lab/lab11/lab11/lab11.runs/impl_1/runme.log
INFO: [Labtoolstcl 44-466] Opening hw_target localhost:3121/xilinx_tcf/Digilent/210183A281E7A
INFO: [Labtools 27-1434] Device xc7a35t (JTAG device index = 0) is programmed with a design that has no supported debug core(s) in it.
WARNING: [Labtools 27-3123] The debug hub core was not detected at User Scan Chain 1 or 3.
Resolution: 
1. Make sure the clock connected to the debug hub (dbg_hub) core is a free running clock and is active OR
2. Manually launch hw_server with -e "set xsdb-user-bscan <C_USER_SCAN_CHAIN scan_chain_number>" to detect the debug hub at User Scan Chain of 2 or 4. To determine the user scan chain setting, open the implemented design and use: get_property C_USER_SCAN_CHAIN [get_debug_cores dbg_hub].
set_property PROBES.FILE {} [lindex [get_hw_devices] 0]
set_property PROGRAM.FILE {H:/EECS140_Lab/lab11/lab11/lab11.runs/impl_1/RSLatch.bit} [lindex [get_hw_devices] 0]
program_hw_devices [lindex [get_hw_devices] 0]
INFO: [Labtools 27-3164] End of startup status: HIGH
refresh_hw_device [lindex [get_hw_devices] 0]
INFO: [Labtools 27-1434] Device xc7a35t (JTAG device index = 0) is programmed with a design that has no supported debug core(s) in it.
WARNING: [Labtools 27-3123] The debug hub core was not detected at User Scan Chain 1 or 3.
Resolution: 
1. Make sure the clock connected to the debug hub (dbg_hub) core is a free running clock and is active OR
2. Manually launch hw_server with -e "set xsdb-user-bscan <C_USER_SCAN_CHAIN scan_chain_number>" to detect the debug hub at User Scan Chain of 2 or 4. To determine the user scan chain setting, open the implemented design and use: get_property C_USER_SCAN_CHAIN [get_debug_cores dbg_hub].
update_compile_order -fileset sources_1
update_compile_order -fileset sim_1
update_compile_order -fileset sources_1
reset_run synth_1
reset_run: Time (s): cpu = 00:00:00 ; elapsed = 00:00:06 . Memory (MB): peak = 964.406 ; gain = 0.000
launch_runs synth_1
INFO: [HDL 9-1061] Parsing VHDL file "H:/EECS140_Lab/lab11/lab11/lab11.srcs/sources_1/new/toplevel.vhd" into library xil_defaultlib [H:/EECS140_Lab/lab11/lab11/lab11.srcs/sources_1/new/toplevel.vhd:1]
[Thu Nov 17 10:51:08 2016] Launched synth_1...
Run output will be captured here: H:/EECS140_Lab/lab11/lab11/lab11.runs/synth_1/runme.log
launch_runs impl_1
[Thu Nov 17 10:52:10 2016] Launched impl_1...
Run output will be captured here: H:/EECS140_Lab/lab11/lab11/lab11.runs/impl_1/runme.log
launch_runs impl_1 -to_step write_bitstream
[Thu Nov 17 10:54:08 2016] Launched impl_1...
Run output will be captured here: H:/EECS140_Lab/lab11/lab11/lab11.runs/impl_1/runme.log
ERROR: [Labtoolstcl 44-513] HW Target shutdown. Closing target: localhost:3121/xilinx_tcf/Digilent/210183A281E7A
INFO: [Labtoolstcl 44-466] Opening hw_target localhost:3121/xilinx_tcf/Digilent/210183A281E7A
INFO: [Labtools 27-1434] Device xc7a35t (JTAG device index = 0) is programmed with a design that has no supported debug core(s) in it.
WARNING: [Labtools 27-3123] The debug hub core was not detected at User Scan Chain 1 or 3.
Resolution: 
1. Make sure the clock connected to the debug hub (dbg_hub) core is a free running clock and is active OR
2. Manually launch hw_server with -e "set xsdb-user-bscan <C_USER_SCAN_CHAIN scan_chain_number>" to detect the debug hub at User Scan Chain of 2 or 4. To determine the user scan chain setting, open the implemented design and use: get_property C_USER_SCAN_CHAIN [get_debug_cores dbg_hub].
set_property PROBES.FILE {} [lindex [get_hw_devices] 0]
set_property PROGRAM.FILE {H:/EECS140_Lab/lab11/lab11/lab11.runs/impl_1/toplevel.bit} [lindex [get_hw_devices] 0]
program_hw_devices [lindex [get_hw_devices] 0]
INFO: [Labtools 27-3164] End of startup status: HIGH
refresh_hw_device [lindex [get_hw_devices] 0]
INFO: [Labtools 27-1434] Device xc7a35t (JTAG device index = 0) is programmed with a design that has no supported debug core(s) in it.
WARNING: [Labtools 27-3123] The debug hub core was not detected at User Scan Chain 1 or 3.
Resolution: 
1. Make sure the clock connected to the debug hub (dbg_hub) core is a free running clock and is active OR
2. Manually launch hw_server with -e "set xsdb-user-bscan <C_USER_SCAN_CHAIN scan_chain_number>" to detect the debug hub at User Scan Chain of 2 or 4. To determine the user scan chain setting, open the implemented design and use: get_property C_USER_SCAN_CHAIN [get_debug_cores dbg_hub].
ERROR: [Labtoolstcl 44-513] HW Target shutdown. Closing target: localhost:3121/xilinx_tcf/Digilent/210183A281E7A
exit
INFO: [Common 17-206] Exiting Vivado at Thu Nov 17 10:57:54 2016...
